<?xml version="1.0" encoding="UTF-8"?>
<testsuites>
  <testsuite name="" tests="35" assertions="68" failures="0" errors="0" time="3.617208">
    <testsuite name="Feature Tests" tests="20" assertions="53" failures="0" errors="0" time="3.265188">
      <testsuite name="Tests\Feature\AgeCategoryTest" file="C:\DevPHP\Web\sas_judo\tests\Feature\Admin\AgeCategoryTest.php" tests="6" assertions="19" failures="0" errors="0" time="1.110064">
        <testcase name="testIndexStatus" class="Tests\Feature\AgeCategoryTest" file="C:\DevPHP\Web\sas_judo\tests\Feature\Admin\AgeCategoryTest.php" line="40" assertions="2" time="0.276016"/>
        <testcase name="testStoreStatus" class="Tests\Feature\AgeCategoryTest" file="C:\DevPHP\Web\sas_judo\tests\Feature\Admin\AgeCategoryTest.php" line="50" assertions="6" time="0.183011"/>
        <testcase name="testEditStatus" class="Tests\Feature\AgeCategoryTest" file="C:\DevPHP\Web\sas_judo\tests\Feature\Admin\AgeCategoryTest.php" line="73" assertions="3" time="0.163009"/>
        <testcase name="testUpdateStatus" class="Tests\Feature\AgeCategoryTest" file="C:\DevPHP\Web\sas_judo\tests\Feature\Admin\AgeCategoryTest.php" line="102" assertions="3" time="0.167010"/>
        <testcase name="testDestroyStatus" class="Tests\Feature\AgeCategoryTest" file="C:\DevPHP\Web\sas_judo\tests\Feature\Admin\AgeCategoryTest.php" line="127" assertions="3" time="0.163009"/>
        <testcase name="testWrongCreateStatus" class="Tests\Feature\AgeCategoryTest" file="C:\DevPHP\Web\sas_judo\tests\Feature\Admin\AgeCategoryTest.php" line="149" assertions="2" time="0.158009"/>
      </testsuite>
      <testsuite name="Tests\Feature\SeasonTest" file="C:\DevPHP\Web\sas_judo\tests\Feature\Admin\SeasonTest.php" tests="6" assertions="14" failures="0" errors="0" time="0.989057">
        <testcase name="testIndexStatus" class="Tests\Feature\SeasonTest" file="C:\DevPHP\Web\sas_judo\tests\Feature\Admin\SeasonTest.php" line="27" assertions="2" time="0.158009"/>
        <testcase name="testStoreAction" class="Tests\Feature\SeasonTest" file="C:\DevPHP\Web\sas_judo\tests\Feature\Admin\SeasonTest.php" line="34" assertions="2" time="0.169010"/>
        <testcase name="testEditAction" class="Tests\Feature\SeasonTest" file="C:\DevPHP\Web\sas_judo\tests\Feature\Admin\SeasonTest.php" line="51" assertions="2" time="0.161009"/>
        <testcase name="testUpdateAction" class="Tests\Feature\SeasonTest" file="C:\DevPHP\Web\sas_judo\tests\Feature\Admin\SeasonTest.php" line="64" assertions="3" time="0.171010"/>
        <testcase name="testDestroyAction" class="Tests\Feature\SeasonTest" file="C:\DevPHP\Web\sas_judo\tests\Feature\Admin\SeasonTest.php" line="93" assertions="3" time="0.172009"/>
        <testcase name="testGetListAction" class="Tests\Feature\SeasonTest" file="C:\DevPHP\Web\sas_judo\tests\Feature\Admin\SeasonTest.php" line="109" assertions="2" time="0.158010"/>
      </testsuite>
      <testsuite name="Tests\Feature\UserTest" file="C:\DevPHP\Web\sas_judo\tests\Feature\Admin\UserTest.php" tests="7" assertions="19" failures="0" errors="0" time="1.147065">
        <testcase name="testIndexStatus" class="Tests\Feature\UserTest" file="C:\DevPHP\Web\sas_judo\tests\Feature\Admin\UserTest.php" line="30" assertions="2" time="0.161009"/>
        <testcase name="testChangeIsAdmin" class="Tests\Feature\UserTest" file="C:\DevPHP\Web\sas_judo\tests\Feature\Admin\UserTest.php" line="37" assertions="3" time="0.159009"/>
        <testcase name="testChangeIsTeacher" class="Tests\Feature\UserTest" file="C:\DevPHP\Web\sas_judo\tests\Feature\Admin\UserTest.php" line="53" assertions="3" time="0.160009"/>
        <testcase name="testChangeIsDebug" class="Tests\Feature\UserTest" file="C:\DevPHP\Web\sas_judo\tests\Feature\Admin\UserTest.php" line="69" assertions="3" time="0.174010"/>
        <testcase name="testEditStatus" class="Tests\Feature\UserTest" file="C:\DevPHP\Web\sas_judo\tests\Feature\Admin\UserTest.php" line="85" assertions="2" time="0.156009"/>
        <testcase name="testUpdateDB" class="Tests\Feature\UserTest" file="C:\DevPHP\Web\sas_judo\tests\Feature\Admin\UserTest.php" line="97" assertions="3" time="0.168010"/>
        <testcase name="testDestroyStatus" class="Tests\Feature\UserTest" file="C:\DevPHP\Web\sas_judo\tests\Feature\Admin\UserTest.php" line="125" assertions="3" time="0.169009"/>
      </testsuite>
      <testsuite name="Tests\Feature\ExampleTest" file="C:\DevPHP\Web\sas_judo\tests\Feature\ExampleTest.php" tests="1" assertions="1" failures="0" errors="0" time="0.019002">
        <testcase name="testBasicTest" class="Tests\Feature\ExampleTest" file="C:\DevPHP\Web\sas_judo\tests\Feature\ExampleTest.php" line="17" assertions="1" time="0.019002"/>
      </testsuite>
    </testsuite>
    <testsuite name="Unit Tests" tests="15" assertions="15" failures="0" errors="0" time="0.352020">
      <testsuite name="Tests\Unit\AgeCategoryTest" file="C:\DevPHP\Web\sas_judo\tests\Unit\AgeCategoryTest.php" tests="1" assertions="1" failures="0" errors="0" time="0.009000">
        <testcase name="testExample" class="Tests\Unit\AgeCategoryTest" file="C:\DevPHP\Web\sas_judo\tests\Unit\AgeCategoryTest.php" line="16" assertions="1" time="0.009000"/>
      </testsuite>
      <testsuite name="Tests\Unit\AlbumTest" file="C:\DevPHP\Web\sas_judo\tests\Unit\AlbumTest.php" tests="1" assertions="1" failures="0" errors="0" time="0.007001">
        <testcase name="testExample" class="Tests\Unit\AlbumTest" file="C:\DevPHP\Web\sas_judo\tests\Unit\AlbumTest.php" line="16" assertions="1" time="0.007001"/>
      </testsuite>
      <testsuite name="Tests\Unit\ArticleTest" file="C:\DevPHP\Web\sas_judo\tests\Unit\ArticleTest.php" tests="1" assertions="1" failures="0" errors="0" time="0.008000">
        <testcase name="testExample" class="Tests\Unit\ArticleTest" file="C:\DevPHP\Web\sas_judo\tests\Unit\ArticleTest.php" line="16" assertions="1" time="0.008000"/>
      </testsuite>
      <testsuite name="Tests\Unit\CategoryTest" file="C:\DevPHP\Web\sas_judo\tests\Unit\CategoryTest.php" tests="1" assertions="1" failures="0" errors="0" time="0.008001">
        <testcase name="testExample" class="Tests\Unit\CategoryTest" file="C:\DevPHP\Web\sas_judo\tests\Unit\CategoryTest.php" line="16" assertions="1" time="0.008001"/>
      </testsuite>
      <testsuite name="Tests\Unit\CourseTest" file="C:\DevPHP\Web\sas_judo\tests\Unit\CourseTest.php" tests="1" assertions="1" failures="0" errors="0" time="0.008000">
        <testcase name="testExample" class="Tests\Unit\CourseTest" file="C:\DevPHP\Web\sas_judo\tests\Unit\CourseTest.php" line="16" assertions="1" time="0.008000"/>
      </testsuite>
      <testsuite name="Tests\Unit\ExampleTest" file="C:\DevPHP\Web\sas_judo\tests\Unit\ExampleTest.php" tests="1" assertions="1" failures="0" errors="0" time="0.008001">
        <testcase name="testBasicTest" class="Tests\Unit\ExampleTest" file="C:\DevPHP\Web\sas_judo\tests\Unit\ExampleTest.php" line="16" assertions="1" time="0.008001"/>
      </testsuite>
      <testsuite name="Tests\Unit\InscriptionTest" file="C:\DevPHP\Web\sas_judo\tests\Unit\InscriptionTest.php" tests="1" assertions="1" failures="0" errors="0" time="0.008000">
        <testcase name="testExample" class="Tests\Unit\InscriptionTest" file="C:\DevPHP\Web\sas_judo\tests\Unit\InscriptionTest.php" line="16" assertions="1" time="0.008000"/>
      </testsuite>
      <testsuite name="Tests\Unit\JudoeventTest" file="C:\DevPHP\Web\sas_judo\tests\Unit\JudoeventTest.php" tests="1" assertions="1" failures="0" errors="0" time="0.007001">
        <testcase name="testExample" class="Tests\Unit\JudoeventTest" file="C:\DevPHP\Web\sas_judo\tests\Unit\JudoeventTest.php" line="16" assertions="1" time="0.007001"/>
      </testsuite>
      <testsuite name="Tests\Unit\MemberTest" file="C:\DevPHP\Web\sas_judo\tests\Unit\MemberTest.php" tests="1" assertions="1" failures="0" errors="0" time="0.008000">
        <testcase name="testExample" class="Tests\Unit\MemberTest" file="C:\DevPHP\Web\sas_judo\tests\Unit\MemberTest.php" line="16" assertions="1" time="0.008000"/>
      </testsuite>
      <testsuite name="Tests\Unit\PictureTest" file="C:\DevPHP\Web\sas_judo\tests\Unit\PictureTest.php" tests="1" assertions="1" failures="0" errors="0" time="0.008001">
        <testcase name="testExample" class="Tests\Unit\PictureTest" file="C:\DevPHP\Web\sas_judo\tests\Unit\PictureTest.php" line="16" assertions="1" time="0.008001"/>
      </testsuite>
      <testsuite name="Tests\Unit\ResultTest" file="C:\DevPHP\Web\sas_judo\tests\Unit\ResultTest.php" tests="1" assertions="1" failures="0" errors="0" time="0.008000">
        <testcase name="testExample" class="Tests\Unit\ResultTest" file="C:\DevPHP\Web\sas_judo\tests\Unit\ResultTest.php" line="16" assertions="1" time="0.008000"/>
      </testsuite>
      <testsuite name="Tests\Unit\SeasonTest" file="C:\DevPHP\Web\sas_judo\tests\Unit\SeasonTest.php" tests="1" assertions="1" failures="0" errors="0" time="0.007001">
        <testcase name="testExample" class="Tests\Unit\SeasonTest" file="C:\DevPHP\Web\sas_judo\tests\Unit\SeasonTest.php" line="16" assertions="1" time="0.007001"/>
      </testsuite>
      <testsuite name="Tests\Unit\UserTest" file="C:\DevPHP\Web\sas_judo\tests\Unit\UserTest.php" tests="3" assertions="3" failures="0" errors="0" time="0.258014">
        <testcase name="testBasicUser" class="Tests\Unit\UserTest" file="C:\DevPHP\Web\sas_judo\tests\Unit\UserTest.php" line="20" assertions="1" time="0.093005"/>
        <testcase name="testAdminUser" class="Tests\Unit\UserTest" file="C:\DevPHP\Web\sas_judo\tests\Unit\UserTest.php" line="29" assertions="1" time="0.082005"/>
        <testcase name="testDebugUser" class="Tests\Unit\UserTest" file="C:\DevPHP\Web\sas_judo\tests\Unit\UserTest.php" line="36" assertions="1" time="0.083004"/>
      </testsuite>
    </testsuite>
  </testsuite>
</testsuites>
