<?xml version="1.0" encoding="UTF-8"?>
<testsuites>
  <testsuite name="" tests="75" assertions="164" failures="0" errors="0" time="15.147546">
    <testsuite name="Feature Tests" tests="60" assertions="149" failures="0" errors="0" time="14.745018">
      <testsuite name="Tests\Feature\AgeCategoryTest" file="/var/www/html/tests/Feature/Admin/AgeCategoryTest.php" tests="6" assertions="19" failures="0" errors="0" time="1.445775">
        <testcase name="testIndexStatus" class="Tests\Feature\AgeCategoryTest" file="/var/www/html/tests/Feature/Admin/AgeCategoryTest.php" line="40" assertions="2" time="0.306467"/>
        <testcase name="testStoreStatus" class="Tests\Feature\AgeCategoryTest" file="/var/www/html/tests/Feature/Admin/AgeCategoryTest.php" line="50" assertions="6" time="0.299081"/>
        <testcase name="testEditStatus" class="Tests\Feature\AgeCategoryTest" file="/var/www/html/tests/Feature/Admin/AgeCategoryTest.php" line="73" assertions="3" time="0.204118"/>
        <testcase name="testUpdateStatus" class="Tests\Feature\AgeCategoryTest" file="/var/www/html/tests/Feature/Admin/AgeCategoryTest.php" line="102" assertions="3" time="0.215706"/>
        <testcase name="testDestroyStatus" class="Tests\Feature\AgeCategoryTest" file="/var/www/html/tests/Feature/Admin/AgeCategoryTest.php" line="127" assertions="3" time="0.210948"/>
        <testcase name="testWrongCreateStatus" class="Tests\Feature\AgeCategoryTest" file="/var/www/html/tests/Feature/Admin/AgeCategoryTest.php" line="149" assertions="2" time="0.209455"/>
      </testsuite>
      <testsuite name="Tests\Feature\AlbumTest" file="/var/www/html/tests/Feature/Admin/AlbumTest.php" tests="5" assertions="13" failures="0" errors="0" time="1.658207">
        <testcase name="testIndexAction" class="Tests\Feature\AlbumTest" file="/var/www/html/tests/Feature/Admin/AlbumTest.php" line="28" assertions="2" time="0.202264"/>
        <testcase name="testStoreAction" class="Tests\Feature\AlbumTest" file="/var/www/html/tests/Feature/Admin/AlbumTest.php" line="40" assertions="3" time="0.472703"/>
        <testcase name="testEditAction" class="Tests\Feature\AlbumTest" file="/var/www/html/tests/Feature/Admin/AlbumTest.php" line="64" assertions="2" time="0.279312"/>
        <testcase name="testUpdateAction" class="Tests\Feature\AlbumTest" file="/var/www/html/tests/Feature/Admin/AlbumTest.php" line="77" assertions="3" time="0.437750"/>
        <testcase name="testDestroyAction" class="Tests\Feature\AlbumTest" file="/var/www/html/tests/Feature/Admin/AlbumTest.php" line="102" assertions="3" time="0.266178"/>
      </testsuite>
      <testsuite name="Tests\Feature\ArticleTest" file="/var/www/html/tests/Feature/Admin/ArticleTest.php" tests="6" assertions="15" failures="0" errors="0" time="1.796962">
        <testcase name="testIndexAction" class="Tests\Feature\ArticleTest" file="/var/www/html/tests/Feature/Admin/ArticleTest.php" line="29" assertions="2" time="0.245830"/>
        <testcase name="testCreateAction" class="Tests\Feature\ArticleTest" file="/var/www/html/tests/Feature/Admin/ArticleTest.php" line="42" assertions="2" time="0.200377"/>
        <testcase name="testStoreAction" class="Tests\Feature\ArticleTest" file="/var/www/html/tests/Feature/Admin/ArticleTest.php" line="54" assertions="3" time="0.394431"/>
        <testcase name="testEditAction" class="Tests\Feature\ArticleTest" file="/var/www/html/tests/Feature/Admin/ArticleTest.php" line="81" assertions="2" time="0.249560"/>
        <testcase name="testUpdateAction" class="Tests\Feature\ArticleTest" file="/var/www/html/tests/Feature/Admin/ArticleTest.php" line="94" assertions="3" time="0.448823"/>
        <testcase name="testDestroyAction" class="Tests\Feature\ArticleTest" file="/var/www/html/tests/Feature/Admin/ArticleTest.php" line="123" assertions="3" time="0.257941"/>
      </testsuite>
      <testsuite name="Tests\Feature\CategoryTest" file="/var/www/html/tests/Feature/Admin/CategoryTest.php" tests="6" assertions="15" failures="0" errors="0" time="1.296157">
        <testcase name="testIndexAction" class="Tests\Feature\CategoryTest" file="/var/www/html/tests/Feature/Admin/CategoryTest.php" line="28" assertions="2" time="0.206189"/>
        <testcase name="testCreateAction" class="Tests\Feature\CategoryTest" file="/var/www/html/tests/Feature/Admin/CategoryTest.php" line="35" assertions="2" time="0.197178"/>
        <testcase name="testStoreAction" class="Tests\Feature\CategoryTest" file="/var/www/html/tests/Feature/Admin/CategoryTest.php" line="47" assertions="3" time="0.210952"/>
        <testcase name="testEditAction" class="Tests\Feature\CategoryTest" file="/var/www/html/tests/Feature/Admin/CategoryTest.php" line="69" assertions="2" time="0.209838"/>
        <testcase name="testUpdateAction" class="Tests\Feature\CategoryTest" file="/var/www/html/tests/Feature/Admin/CategoryTest.php" line="82" assertions="3" time="0.240593"/>
        <testcase name="testDestroyAction" class="Tests\Feature\CategoryTest" file="/var/www/html/tests/Feature/Admin/CategoryTest.php" line="106" assertions="3" time="0.231407"/>
      </testsuite>
      <testsuite name="Tests\Feature\CoursesTest" file="/var/www/html/tests/Feature/Admin/CoursesTest.php" tests="6" assertions="14" failures="0" errors="0" time="1.645139">
        <testcase name="testIndexAction" class="Tests\Feature\CoursesTest" file="/var/www/html/tests/Feature/Admin/CoursesTest.php" line="28" assertions="2" time="0.294291"/>
        <testcase name="testCreateAction" class="Tests\Feature\CoursesTest" file="/var/www/html/tests/Feature/Admin/CoursesTest.php" line="36" assertions="1" time="0.208229"/>
        <testcase name="testStoreAction" class="Tests\Feature\CoursesTest" file="/var/www/html/tests/Feature/Admin/CoursesTest.php" line="47" assertions="3" time="0.273126"/>
        <testcase name="testEditAction" class="Tests\Feature\CoursesTest" file="/var/www/html/tests/Feature/Admin/CoursesTest.php" line="72" assertions="2" time="0.274108"/>
        <testcase name="testUpdateAction" class="Tests\Feature\CoursesTest" file="/var/www/html/tests/Feature/Admin/CoursesTest.php" line="85" assertions="3" time="0.306209"/>
        <testcase name="testDestroyAction" class="Tests\Feature\CoursesTest" file="/var/www/html/tests/Feature/Admin/CoursesTest.php" line="112" assertions="3" time="0.289176"/>
      </testsuite>
      <testsuite name="Tests\Feature\JudoeventTest" file="/var/www/html/tests/Feature/Admin/JudoeventTest.php" tests="6" assertions="14" failures="0" errors="0" time="1.341893">
        <testcase name="testIndexAction" class="Tests\Feature\JudoeventTest" file="/var/www/html/tests/Feature/Admin/JudoeventTest.php" line="24" assertions="2" time="0.221991"/>
        <testcase name="testStoreAction" class="Tests\Feature\JudoeventTest" file="/var/www/html/tests/Feature/Admin/JudoeventTest.php" line="31" assertions="2" time="0.210913"/>
        <testcase name="testShowAction" class="Tests\Feature\JudoeventTest" file="/var/www/html/tests/Feature/Admin/JudoeventTest.php" line="52" assertions="2" time="0.211167"/>
        <testcase name="testEditAction" class="Tests\Feature\JudoeventTest" file="/var/www/html/tests/Feature/Admin/JudoeventTest.php" line="65" assertions="2" time="0.211549"/>
        <testcase name="testUpdateAction" class="Tests\Feature\JudoeventTest" file="/var/www/html/tests/Feature/Admin/JudoeventTest.php" line="79" assertions="3" time="0.238980"/>
        <testcase name="testDestroyAction" class="Tests\Feature\JudoeventTest" file="/var/www/html/tests/Feature/Admin/JudoeventTest.php" line="105" assertions="3" time="0.247293"/>
      </testsuite>
      <testsuite name="Tests\Feature\MemberTest" file="/var/www/html/tests/Feature/Admin/MemberTest.php" tests="3" assertions="6" failures="0" errors="0" time="0.759473">
        <testcase name="testIndexAction" class="Tests\Feature\MemberTest" file="/var/www/html/tests/Feature/Admin/MemberTest.php" line="25" assertions="2" time="0.277022"/>
        <testcase name="testSaveAction" class="Tests\Feature\MemberTest" file="/var/www/html/tests/Feature/Admin/MemberTest.php" line="32" assertions="2" time="0.240843"/>
        <testcase name="testLoadAction" class="Tests\Feature\MemberTest" file="/var/www/html/tests/Feature/Admin/MemberTest.php" line="62" assertions="2" time="0.241608"/>
      </testsuite>
      <testsuite name="Tests\Feature\PictureTest" file="/var/www/html/tests/Feature/Admin/PictureTest.php" tests="2" assertions="4" failures="0" errors="0" time="0.471386">
        <testcase name="testStoreAction" class="Tests\Feature\PictureTest" file="/var/www/html/tests/Feature/Admin/PictureTest.php" line="28" assertions="2" time="0.254370"/>
        <testcase name="testShowAction" class="Tests\Feature\PictureTest" file="/var/www/html/tests/Feature/Admin/PictureTest.php" line="43" assertions="2" time="0.217016"/>
      </testsuite>
      <testsuite name="Tests\Feature\ResultTest" file="/var/www/html/tests/Feature/Admin/ResultTest.php" tests="6" assertions="15" failures="0" errors="0" time="1.498481">
        <testcase name="testIndexAction" class="Tests\Feature\ResultTest" file="/var/www/html/tests/Feature/Admin/ResultTest.php" line="27" assertions="2" time="0.264057"/>
        <testcase name="testCreateAction" class="Tests\Feature\ResultTest" file="/var/www/html/tests/Feature/Admin/ResultTest.php" line="34" assertions="2" time="0.204055"/>
        <testcase name="testStoreAction" class="Tests\Feature\ResultTest" file="/var/www/html/tests/Feature/Admin/ResultTest.php" line="41" assertions="3" time="0.239783"/>
        <testcase name="testEditAction" class="Tests\Feature\ResultTest" file="/var/www/html/tests/Feature/Admin/ResultTest.php" line="67" assertions="2" time="0.279460"/>
        <testcase name="testUpdateAction" class="Tests\Feature\ResultTest" file="/var/www/html/tests/Feature/Admin/ResultTest.php" line="80" assertions="3" time="0.253136"/>
        <testcase name="testDestroyAction" class="Tests\Feature\ResultTest" file="/var/www/html/tests/Feature/Admin/ResultTest.php" line="107" assertions="3" time="0.257990"/>
      </testsuite>
      <testsuite name="Tests\Feature\SeasonTest" file="/var/www/html/tests/Feature/Admin/SeasonTest.php" tests="6" assertions="14" failures="0" errors="0" time="1.307006">
        <testcase name="testIndexStatus" class="Tests\Feature\SeasonTest" file="/var/www/html/tests/Feature/Admin/SeasonTest.php" line="27" assertions="2" time="0.250932"/>
        <testcase name="testStoreAction" class="Tests\Feature\SeasonTest" file="/var/www/html/tests/Feature/Admin/SeasonTest.php" line="34" assertions="2" time="0.221185"/>
        <testcase name="testEditAction" class="Tests\Feature\SeasonTest" file="/var/www/html/tests/Feature/Admin/SeasonTest.php" line="51" assertions="2" time="0.202483"/>
        <testcase name="testUpdateAction" class="Tests\Feature\SeasonTest" file="/var/www/html/tests/Feature/Admin/SeasonTest.php" line="64" assertions="3" time="0.212052"/>
        <testcase name="testDestroyAction" class="Tests\Feature\SeasonTest" file="/var/www/html/tests/Feature/Admin/SeasonTest.php" line="93" assertions="3" time="0.215533"/>
        <testcase name="testGetListAction" class="Tests\Feature\SeasonTest" file="/var/www/html/tests/Feature/Admin/SeasonTest.php" line="109" assertions="2" time="0.204821"/>
      </testsuite>
      <testsuite name="Tests\Feature\UserTest" file="/var/www/html/tests/Feature/Admin/UserTest.php" tests="7" assertions="19" failures="0" errors="0" time="1.498802">
        <testcase name="testIndexStatus" class="Tests\Feature\UserTest" file="/var/www/html/tests/Feature/Admin/UserTest.php" line="30" assertions="2" time="0.201469"/>
        <testcase name="testChangeIsAdmin" class="Tests\Feature\UserTest" file="/var/www/html/tests/Feature/Admin/UserTest.php" line="37" assertions="3" time="0.225528"/>
        <testcase name="testChangeIsTeacher" class="Tests\Feature\UserTest" file="/var/www/html/tests/Feature/Admin/UserTest.php" line="53" assertions="3" time="0.220483"/>
        <testcase name="testChangeIsDebug" class="Tests\Feature\UserTest" file="/var/www/html/tests/Feature/Admin/UserTest.php" line="69" assertions="3" time="0.210182"/>
        <testcase name="testEditStatus" class="Tests\Feature\UserTest" file="/var/www/html/tests/Feature/Admin/UserTest.php" line="85" assertions="2" time="0.197723"/>
        <testcase name="testUpdateDB" class="Tests\Feature\UserTest" file="/var/www/html/tests/Feature/Admin/UserTest.php" line="97" assertions="3" time="0.209818"/>
        <testcase name="testDestroyStatus" class="Tests\Feature\UserTest" file="/var/www/html/tests/Feature/Admin/UserTest.php" line="125" assertions="3" time="0.233599"/>
      </testsuite>
      <testsuite name="Tests\Feature\ExampleTest" file="/var/www/html/tests/Feature/ExampleTest.php" tests="1" assertions="1" failures="0" errors="0" time="0.025737">
        <testcase name="testBasicTest" class="Tests\Feature\ExampleTest" file="/var/www/html/tests/Feature/ExampleTest.php" line="17" assertions="1" time="0.025737"/>
      </testsuite>
    </testsuite>
    <testsuite name="Unit Tests" tests="15" assertions="15" failures="0" errors="0" time="0.402528">
      <testsuite name="Tests\Unit\AgeCategoryTest" file="/var/www/html/tests/Unit/AgeCategoryTest.php" tests="1" assertions="1" failures="0" errors="0" time="0.006751">
        <testcase name="testExample" class="Tests\Unit\AgeCategoryTest" file="/var/www/html/tests/Unit/AgeCategoryTest.php" line="16" assertions="1" time="0.006751"/>
      </testsuite>
      <testsuite name="Tests\Unit\AlbumTest" file="/var/www/html/tests/Unit/AlbumTest.php" tests="1" assertions="1" failures="0" errors="0" time="0.006605">
        <testcase name="testExample" class="Tests\Unit\AlbumTest" file="/var/www/html/tests/Unit/AlbumTest.php" line="16" assertions="1" time="0.006605"/>
      </testsuite>
      <testsuite name="Tests\Unit\ArticleTest" file="/var/www/html/tests/Unit/ArticleTest.php" tests="1" assertions="1" failures="0" errors="0" time="0.006496">
        <testcase name="testExample" class="Tests\Unit\ArticleTest" file="/var/www/html/tests/Unit/ArticleTest.php" line="16" assertions="1" time="0.006496"/>
      </testsuite>
      <testsuite name="Tests\Unit\CategoryTest" file="/var/www/html/tests/Unit/CategoryTest.php" tests="1" assertions="1" failures="0" errors="0" time="0.006439">
        <testcase name="testExample" class="Tests\Unit\CategoryTest" file="/var/www/html/tests/Unit/CategoryTest.php" line="16" assertions="1" time="0.006439"/>
      </testsuite>
      <testsuite name="Tests\Unit\CourseTest" file="/var/www/html/tests/Unit/CourseTest.php" tests="1" assertions="1" failures="0" errors="0" time="0.007181">
        <testcase name="testExample" class="Tests\Unit\CourseTest" file="/var/www/html/tests/Unit/CourseTest.php" line="16" assertions="1" time="0.007181"/>
      </testsuite>
      <testsuite name="Tests\Unit\ExampleTest" file="/var/www/html/tests/Unit/ExampleTest.php" tests="1" assertions="1" failures="0" errors="0" time="0.006443">
        <testcase name="testBasicTest" class="Tests\Unit\ExampleTest" file="/var/www/html/tests/Unit/ExampleTest.php" line="16" assertions="1" time="0.006443"/>
      </testsuite>
      <testsuite name="Tests\Unit\InscriptionTest" file="/var/www/html/tests/Unit/InscriptionTest.php" tests="1" assertions="1" failures="0" errors="0" time="0.006463">
        <testcase name="testExample" class="Tests\Unit\InscriptionTest" file="/var/www/html/tests/Unit/InscriptionTest.php" line="16" assertions="1" time="0.006463"/>
      </testsuite>
      <testsuite name="Tests\Unit\JudoeventTest" file="/var/www/html/tests/Unit/JudoeventTest.php" tests="1" assertions="1" failures="0" errors="0" time="0.006488">
        <testcase name="testExample" class="Tests\Unit\JudoeventTest" file="/var/www/html/tests/Unit/JudoeventTest.php" line="16" assertions="1" time="0.006488"/>
      </testsuite>
      <testsuite name="Tests\Unit\MemberTest" file="/var/www/html/tests/Unit/MemberTest.php" tests="1" assertions="1" failures="0" errors="0" time="0.006895">
        <testcase name="testExample" class="Tests\Unit\MemberTest" file="/var/www/html/tests/Unit/MemberTest.php" line="16" assertions="1" time="0.006895"/>
      </testsuite>
      <testsuite name="Tests\Unit\PictureTest" file="/var/www/html/tests/Unit/PictureTest.php" tests="1" assertions="1" failures="0" errors="0" time="0.007129">
        <testcase name="testExample" class="Tests\Unit\PictureTest" file="/var/www/html/tests/Unit/PictureTest.php" line="16" assertions="1" time="0.007129"/>
      </testsuite>
      <testsuite name="Tests\Unit\ResultTest" file="/var/www/html/tests/Unit/ResultTest.php" tests="1" assertions="1" failures="0" errors="0" time="0.007793">
        <testcase name="testExample" class="Tests\Unit\ResultTest" file="/var/www/html/tests/Unit/ResultTest.php" line="16" assertions="1" time="0.007793"/>
      </testsuite>
      <testsuite name="Tests\Unit\SeasonTest" file="/var/www/html/tests/Unit/SeasonTest.php" tests="1" assertions="1" failures="0" errors="0" time="0.006638">
        <testcase name="testExample" class="Tests\Unit\SeasonTest" file="/var/www/html/tests/Unit/SeasonTest.php" line="16" assertions="1" time="0.006638"/>
      </testsuite>
      <testsuite name="Tests\Unit\UserTest" file="/var/www/html/tests/Unit/UserTest.php" tests="3" assertions="3" failures="0" errors="0" time="0.321208">
        <testcase name="testBasicUser" class="Tests\Unit\UserTest" file="/var/www/html/tests/Unit/UserTest.php" line="20" assertions="1" time="0.107244"/>
        <testcase name="testAdminUser" class="Tests\Unit\UserTest" file="/var/www/html/tests/Unit/UserTest.php" line="29" assertions="1" time="0.107471"/>
        <testcase name="testDebugUser" class="Tests\Unit\UserTest" file="/var/www/html/tests/Unit/UserTest.php" line="36" assertions="1" time="0.106493"/>
      </testsuite>
    </testsuite>
  </testsuite>
</testsuites>
