<?xml version="1.0" encoding="UTF-8"?>
<testsuites>
  <testsuite name="" tests="42" assertions="83" failures="0" errors="1" time="5.977341">
    <testsuite name="Feature Tests" tests="27" assertions="68" failures="0" errors="1" time="5.618320">
      <testsuite name="Tests\Feature\AgeCategoryTest" file="C:\DevPHP\Web\sas_judo\tests\Feature\Admin\AgeCategoryTest.php" tests="6" assertions="19" failures="0" errors="0" time="1.113064">
        <testcase name="testIndexStatus" class="Tests\Feature\AgeCategoryTest" file="C:\DevPHP\Web\sas_judo\tests\Feature\Admin\AgeCategoryTest.php" line="40" assertions="2" time="0.267015"/>
        <testcase name="testStoreStatus" class="Tests\Feature\AgeCategoryTest" file="C:\DevPHP\Web\sas_judo\tests\Feature\Admin\AgeCategoryTest.php" line="50" assertions="6" time="0.178010"/>
        <testcase name="testEditStatus" class="Tests\Feature\AgeCategoryTest" file="C:\DevPHP\Web\sas_judo\tests\Feature\Admin\AgeCategoryTest.php" line="73" assertions="3" time="0.168010"/>
        <testcase name="testUpdateStatus" class="Tests\Feature\AgeCategoryTest" file="C:\DevPHP\Web\sas_judo\tests\Feature\Admin\AgeCategoryTest.php" line="102" assertions="3" time="0.172010"/>
        <testcase name="testDestroyStatus" class="Tests\Feature\AgeCategoryTest" file="C:\DevPHP\Web\sas_judo\tests\Feature\Admin\AgeCategoryTest.php" line="127" assertions="3" time="0.170010"/>
        <testcase name="testWrongCreateStatus" class="Tests\Feature\AgeCategoryTest" file="C:\DevPHP\Web\sas_judo\tests\Feature\Admin\AgeCategoryTest.php" line="149" assertions="2" time="0.158009"/>
      </testsuite>
      <testsuite name="Tests\Feature\PictureTest" file="C:\DevPHP\Web\sas_judo\tests\Feature\Admin\PictureTest.php" tests="2" assertions="3" failures="0" errors="1" time="1.435082">
        <testcase name="testStoreAction" class="Tests\Feature\PictureTest" file="C:\DevPHP\Web\sas_judo\tests\Feature\Admin\PictureTest.php" line="28" assertions="2" time="0.201011"/>
        <testcase name="testShowAction" class="Tests\Feature\PictureTest" file="C:\DevPHP\Web\sas_judo\tests\Feature\Admin\PictureTest.php" line="43" assertions="1" time="1.234071">
          <error type="ErrorException">Tests\Feature\PictureTest::testShowAction&#13;
ErrorException: unlink(/temp\20c9c93f33d07216baee8b622b02f5d5.jpg): Resource temporarily unavailable
&#13;
C:\DevPHP\Web\sas_judo\vendor\fzaninotto\faker\src\Faker\Provider\Image.php:91
C:\DevPHP\Web\sas_judo\vendor\fzaninotto\faker\src\Faker\Generator.php:222
C:\DevPHP\Web\sas_judo\vendor\fzaninotto\faker\src\Faker\Generator.php:279
C:\DevPHP\Web\sas_judo\database\factories\ModelFactory.php:98
C:\DevPHP\Web\sas_judo\vendor\laravel\framework\src\Illuminate\Database\Eloquent\FactoryBuilder.php:206
C:\DevPHP\Web\sas_judo\vendor\laravel\framework\src\Illuminate\Database\Eloquent\FactoryBuilder.php:230
C:\DevPHP\Web\sas_judo\vendor\laravel\framework\src\Illuminate\Database\Eloquent\Concerns\GuardsAttributes.php:122
C:\DevPHP\Web\sas_judo\vendor\laravel\framework\src\Illuminate\Database\Eloquent\FactoryBuilder.php:232
C:\DevPHP\Web\sas_judo\vendor\laravel\framework\src\Illuminate\Database\Eloquent\FactoryBuilder.php:163
C:\DevPHP\Web\sas_judo\vendor\laravel\framework\src\Illuminate\Database\Eloquent\FactoryBuilder.php:128
C:\DevPHP\Web\sas_judo\tests\Feature\Admin\PictureTest.php:46
</error>
        </testcase>
      </testsuite>
      <testsuite name="Tests\Feature\ResultTest" file="C:\DevPHP\Web\sas_judo\tests\Feature\Admin\ResultTest.php" tests="5" assertions="12" failures="0" errors="0" time="0.865049">
        <testcase name="testIndexAction" class="Tests\Feature\ResultTest" file="C:\DevPHP\Web\sas_judo\tests\Feature\Admin\ResultTest.php" line="27" assertions="2" time="0.197011"/>
        <testcase name="testCreateAction" class="Tests\Feature\ResultTest" file="C:\DevPHP\Web\sas_judo\tests\Feature\Admin\ResultTest.php" line="34" assertions="2" time="0.168010"/>
        <testcase name="testEditAction" class="Tests\Feature\ResultTest" file="C:\DevPHP\Web\sas_judo\tests\Feature\Admin\ResultTest.php" line="41" assertions="2" time="0.161009"/>
        <testcase name="testUpdateAction" class="Tests\Feature\ResultTest" file="C:\DevPHP\Web\sas_judo\tests\Feature\Admin\ResultTest.php" line="54" assertions="3" time="0.171010"/>
        <testcase name="testDestroyAction" class="Tests\Feature\ResultTest" file="C:\DevPHP\Web\sas_judo\tests\Feature\Admin\ResultTest.php" line="81" assertions="3" time="0.168009"/>
      </testsuite>
      <testsuite name="Tests\Feature\SeasonTest" file="C:\DevPHP\Web\sas_judo\tests\Feature\Admin\SeasonTest.php" tests="6" assertions="14" failures="0" errors="0" time="0.995056">
        <testcase name="testIndexStatus" class="Tests\Feature\SeasonTest" file="C:\DevPHP\Web\sas_judo\tests\Feature\Admin\SeasonTest.php" line="27" assertions="2" time="0.170009"/>
        <testcase name="testStoreAction" class="Tests\Feature\SeasonTest" file="C:\DevPHP\Web\sas_judo\tests\Feature\Admin\SeasonTest.php" line="34" assertions="2" time="0.170010"/>
        <testcase name="testEditAction" class="Tests\Feature\SeasonTest" file="C:\DevPHP\Web\sas_judo\tests\Feature\Admin\SeasonTest.php" line="51" assertions="2" time="0.165009"/>
        <testcase name="testUpdateAction" class="Tests\Feature\SeasonTest" file="C:\DevPHP\Web\sas_judo\tests\Feature\Admin\SeasonTest.php" line="64" assertions="3" time="0.167009"/>
        <testcase name="testDestroyAction" class="Tests\Feature\SeasonTest" file="C:\DevPHP\Web\sas_judo\tests\Feature\Admin\SeasonTest.php" line="93" assertions="3" time="0.166010"/>
        <testcase name="testGetListAction" class="Tests\Feature\SeasonTest" file="C:\DevPHP\Web\sas_judo\tests\Feature\Admin\SeasonTest.php" line="109" assertions="2" time="0.157009"/>
      </testsuite>
      <testsuite name="Tests\Feature\UserTest" file="C:\DevPHP\Web\sas_judo\tests\Feature\Admin\UserTest.php" tests="7" assertions="19" failures="0" errors="0" time="1.192068">
        <testcase name="testIndexStatus" class="Tests\Feature\UserTest" file="C:\DevPHP\Web\sas_judo\tests\Feature\Admin\UserTest.php" line="30" assertions="2" time="0.188010"/>
        <testcase name="testChangeIsAdmin" class="Tests\Feature\UserTest" file="C:\DevPHP\Web\sas_judo\tests\Feature\Admin\UserTest.php" line="37" assertions="3" time="0.165010"/>
        <testcase name="testChangeIsTeacher" class="Tests\Feature\UserTest" file="C:\DevPHP\Web\sas_judo\tests\Feature\Admin\UserTest.php" line="53" assertions="3" time="0.167009"/>
        <testcase name="testChangeIsDebug" class="Tests\Feature\UserTest" file="C:\DevPHP\Web\sas_judo\tests\Feature\Admin\UserTest.php" line="69" assertions="3" time="0.164010"/>
        <testcase name="testEditStatus" class="Tests\Feature\UserTest" file="C:\DevPHP\Web\sas_judo\tests\Feature\Admin\UserTest.php" line="85" assertions="2" time="0.155009"/>
        <testcase name="testUpdateDB" class="Tests\Feature\UserTest" file="C:\DevPHP\Web\sas_judo\tests\Feature\Admin\UserTest.php" line="97" assertions="3" time="0.166009"/>
        <testcase name="testDestroyStatus" class="Tests\Feature\UserTest" file="C:\DevPHP\Web\sas_judo\tests\Feature\Admin\UserTest.php" line="125" assertions="3" time="0.187011"/>
      </testsuite>
      <testsuite name="Tests\Feature\ExampleTest" file="C:\DevPHP\Web\sas_judo\tests\Feature\ExampleTest.php" tests="1" assertions="1" failures="0" errors="0" time="0.018001">
        <testcase name="testBasicTest" class="Tests\Feature\ExampleTest" file="C:\DevPHP\Web\sas_judo\tests\Feature\ExampleTest.php" line="17" assertions="1" time="0.018001"/>
      </testsuite>
    </testsuite>
    <testsuite name="Unit Tests" tests="15" assertions="15" failures="0" errors="0" time="0.359021">
      <testsuite name="Tests\Unit\AgeCategoryTest" file="C:\DevPHP\Web\sas_judo\tests\Unit\AgeCategoryTest.php" tests="1" assertions="1" failures="0" errors="0" time="0.007001">
        <testcase name="testExample" class="Tests\Unit\AgeCategoryTest" file="C:\DevPHP\Web\sas_judo\tests\Unit\AgeCategoryTest.php" line="16" assertions="1" time="0.007001"/>
      </testsuite>
      <testsuite name="Tests\Unit\AlbumTest" file="C:\DevPHP\Web\sas_judo\tests\Unit\AlbumTest.php" tests="1" assertions="1" failures="0" errors="0" time="0.007000">
        <testcase name="testExample" class="Tests\Unit\AlbumTest" file="C:\DevPHP\Web\sas_judo\tests\Unit\AlbumTest.php" line="16" assertions="1" time="0.007000"/>
      </testsuite>
      <testsuite name="Tests\Unit\ArticleTest" file="C:\DevPHP\Web\sas_judo\tests\Unit\ArticleTest.php" tests="1" assertions="1" failures="0" errors="0" time="0.008001">
        <testcase name="testExample" class="Tests\Unit\ArticleTest" file="C:\DevPHP\Web\sas_judo\tests\Unit\ArticleTest.php" line="16" assertions="1" time="0.008001"/>
      </testsuite>
      <testsuite name="Tests\Unit\CategoryTest" file="C:\DevPHP\Web\sas_judo\tests\Unit\CategoryTest.php" tests="1" assertions="1" failures="0" errors="0" time="0.007000">
        <testcase name="testExample" class="Tests\Unit\CategoryTest" file="C:\DevPHP\Web\sas_judo\tests\Unit\CategoryTest.php" line="16" assertions="1" time="0.007000"/>
      </testsuite>
      <testsuite name="Tests\Unit\CourseTest" file="C:\DevPHP\Web\sas_judo\tests\Unit\CourseTest.php" tests="1" assertions="1" failures="0" errors="0" time="0.007000">
        <testcase name="testExample" class="Tests\Unit\CourseTest" file="C:\DevPHP\Web\sas_judo\tests\Unit\CourseTest.php" line="16" assertions="1" time="0.007000"/>
      </testsuite>
      <testsuite name="Tests\Unit\ExampleTest" file="C:\DevPHP\Web\sas_judo\tests\Unit\ExampleTest.php" tests="1" assertions="1" failures="0" errors="0" time="0.008000">
        <testcase name="testBasicTest" class="Tests\Unit\ExampleTest" file="C:\DevPHP\Web\sas_judo\tests\Unit\ExampleTest.php" line="16" assertions="1" time="0.008000"/>
      </testsuite>
      <testsuite name="Tests\Unit\InscriptionTest" file="C:\DevPHP\Web\sas_judo\tests\Unit\InscriptionTest.php" tests="1" assertions="1" failures="0" errors="0" time="0.008001">
        <testcase name="testExample" class="Tests\Unit\InscriptionTest" file="C:\DevPHP\Web\sas_judo\tests\Unit\InscriptionTest.php" line="16" assertions="1" time="0.008001"/>
      </testsuite>
      <testsuite name="Tests\Unit\JudoeventTest" file="C:\DevPHP\Web\sas_judo\tests\Unit\JudoeventTest.php" tests="1" assertions="1" failures="0" errors="0" time="0.006000">
        <testcase name="testExample" class="Tests\Unit\JudoeventTest" file="C:\DevPHP\Web\sas_judo\tests\Unit\JudoeventTest.php" line="16" assertions="1" time="0.006000"/>
      </testsuite>
      <testsuite name="Tests\Unit\MemberTest" file="C:\DevPHP\Web\sas_judo\tests\Unit\MemberTest.php" tests="1" assertions="1" failures="0" errors="0" time="0.007001">
        <testcase name="testExample" class="Tests\Unit\MemberTest" file="C:\DevPHP\Web\sas_judo\tests\Unit\MemberTest.php" line="16" assertions="1" time="0.007001"/>
      </testsuite>
      <testsuite name="Tests\Unit\PictureTest" file="C:\DevPHP\Web\sas_judo\tests\Unit\PictureTest.php" tests="1" assertions="1" failures="0" errors="0" time="0.007000">
        <testcase name="testExample" class="Tests\Unit\PictureTest" file="C:\DevPHP\Web\sas_judo\tests\Unit\PictureTest.php" line="16" assertions="1" time="0.007000"/>
      </testsuite>
      <testsuite name="Tests\Unit\ResultTest" file="C:\DevPHP\Web\sas_judo\tests\Unit\ResultTest.php" tests="1" assertions="1" failures="0" errors="0" time="0.008001">
        <testcase name="testExample" class="Tests\Unit\ResultTest" file="C:\DevPHP\Web\sas_judo\tests\Unit\ResultTest.php" line="16" assertions="1" time="0.008001"/>
      </testsuite>
      <testsuite name="Tests\Unit\SeasonTest" file="C:\DevPHP\Web\sas_judo\tests\Unit\SeasonTest.php" tests="1" assertions="1" failures="0" errors="0" time="0.007000">
        <testcase name="testExample" class="Tests\Unit\SeasonTest" file="C:\DevPHP\Web\sas_judo\tests\Unit\SeasonTest.php" line="16" assertions="1" time="0.007000"/>
      </testsuite>
      <testsuite name="Tests\Unit\UserTest" file="C:\DevPHP\Web\sas_judo\tests\Unit\UserTest.php" tests="3" assertions="3" failures="0" errors="0" time="0.272016">
        <testcase name="testBasicUser" class="Tests\Unit\UserTest" file="C:\DevPHP\Web\sas_judo\tests\Unit\UserTest.php" line="20" assertions="1" time="0.090005"/>
        <testcase name="testAdminUser" class="Tests\Unit\UserTest" file="C:\DevPHP\Web\sas_judo\tests\Unit\UserTest.php" line="29" assertions="1" time="0.091005"/>
        <testcase name="testDebugUser" class="Tests\Unit\UserTest" file="C:\DevPHP\Web\sas_judo\tests\Unit\UserTest.php" line="36" assertions="1" time="0.091006"/>
      </testsuite>
    </testsuite>
  </testsuite>
</testsuites>
