<?xml version="1.0" encoding="UTF-8"?>
<testsuites>
  <testsuite name="" tests="64" assertions="136" failures="0" errors="0" time="12.668333">
    <testsuite name="Feature Tests" tests="49" assertions="121" failures="0" errors="0" time="12.248260">
      <testsuite name="Tests\Feature\AgeCategoryTest" file="/var/www/html/tests/Feature/Admin/AgeCategoryTest.php" tests="6" assertions="19" failures="0" errors="0" time="1.824438">
        <testcase name="testIndexStatus" class="Tests\Feature\AgeCategoryTest" file="/var/www/html/tests/Feature/Admin/AgeCategoryTest.php" line="40" assertions="2" time="0.538083"/>
        <testcase name="testStoreStatus" class="Tests\Feature\AgeCategoryTest" file="/var/www/html/tests/Feature/Admin/AgeCategoryTest.php" line="50" assertions="6" time="0.357009"/>
        <testcase name="testEditStatus" class="Tests\Feature\AgeCategoryTest" file="/var/www/html/tests/Feature/Admin/AgeCategoryTest.php" line="73" assertions="3" time="0.216214"/>
        <testcase name="testUpdateStatus" class="Tests\Feature\AgeCategoryTest" file="/var/www/html/tests/Feature/Admin/AgeCategoryTest.php" line="102" assertions="3" time="0.246152"/>
        <testcase name="testDestroyStatus" class="Tests\Feature\AgeCategoryTest" file="/var/www/html/tests/Feature/Admin/AgeCategoryTest.php" line="127" assertions="3" time="0.250560"/>
        <testcase name="testWrongCreateStatus" class="Tests\Feature\AgeCategoryTest" file="/var/www/html/tests/Feature/Admin/AgeCategoryTest.php" line="149" assertions="2" time="0.216420"/>
      </testsuite>
      <testsuite name="Tests\Feature\CategoryTest" file="/var/www/html/tests/Feature/Admin/CategoryTest.php" tests="6" assertions="15" failures="0" errors="0" time="1.359569">
        <testcase name="testIndexAction" class="Tests\Feature\CategoryTest" file="/var/www/html/tests/Feature/Admin/CategoryTest.php" line="28" assertions="2" time="0.201464"/>
        <testcase name="testCreateAction" class="Tests\Feature\CategoryTest" file="/var/www/html/tests/Feature/Admin/CategoryTest.php" line="35" assertions="2" time="0.201633"/>
        <testcase name="testStoreAction" class="Tests\Feature\CategoryTest" file="/var/www/html/tests/Feature/Admin/CategoryTest.php" line="47" assertions="3" time="0.226431"/>
        <testcase name="testEditAction" class="Tests\Feature\CategoryTest" file="/var/www/html/tests/Feature/Admin/CategoryTest.php" line="69" assertions="2" time="0.261121"/>
        <testcase name="testUpdateAction" class="Tests\Feature\CategoryTest" file="/var/www/html/tests/Feature/Admin/CategoryTest.php" line="82" assertions="3" time="0.235710"/>
        <testcase name="testDestroyAction" class="Tests\Feature\CategoryTest" file="/var/www/html/tests/Feature/Admin/CategoryTest.php" line="106" assertions="3" time="0.233210"/>
      </testsuite>
      <testsuite name="Tests\Feature\CoursesTest" file="/var/www/html/tests/Feature/Admin/CoursesTest.php" tests="6" assertions="14" failures="0" errors="0" time="1.833505">
        <testcase name="testIndexAction" class="Tests\Feature\CoursesTest" file="/var/www/html/tests/Feature/Admin/CoursesTest.php" line="28" assertions="2" time="0.429029"/>
        <testcase name="testCreateAction" class="Tests\Feature\CoursesTest" file="/var/www/html/tests/Feature/Admin/CoursesTest.php" line="36" assertions="1" time="0.218344"/>
        <testcase name="testStoreAction" class="Tests\Feature\CoursesTest" file="/var/www/html/tests/Feature/Admin/CoursesTest.php" line="47" assertions="3" time="0.341829"/>
        <testcase name="testEditAction" class="Tests\Feature\CoursesTest" file="/var/www/html/tests/Feature/Admin/CoursesTest.php" line="72" assertions="2" time="0.274466"/>
        <testcase name="testUpdateAction" class="Tests\Feature\CoursesTest" file="/var/www/html/tests/Feature/Admin/CoursesTest.php" line="85" assertions="3" time="0.268501"/>
        <testcase name="testDestroyAction" class="Tests\Feature\CoursesTest" file="/var/www/html/tests/Feature/Admin/CoursesTest.php" line="112" assertions="3" time="0.301336"/>
      </testsuite>
      <testsuite name="Tests\Feature\JudoeventTest" file="/var/www/html/tests/Feature/Admin/JudoeventTest.php" tests="6" assertions="14" failures="0" errors="0" time="1.393258">
        <testcase name="testIndexAction" class="Tests\Feature\JudoeventTest" file="/var/www/html/tests/Feature/Admin/JudoeventTest.php" line="24" assertions="2" time="0.236908"/>
        <testcase name="testStoreAction" class="Tests\Feature\JudoeventTest" file="/var/www/html/tests/Feature/Admin/JudoeventTest.php" line="31" assertions="2" time="0.241749"/>
        <testcase name="testShowAction" class="Tests\Feature\JudoeventTest" file="/var/www/html/tests/Feature/Admin/JudoeventTest.php" line="52" assertions="2" time="0.207956"/>
        <testcase name="testEditAction" class="Tests\Feature\JudoeventTest" file="/var/www/html/tests/Feature/Admin/JudoeventTest.php" line="65" assertions="2" time="0.209361"/>
        <testcase name="testUpdateAction" class="Tests\Feature\JudoeventTest" file="/var/www/html/tests/Feature/Admin/JudoeventTest.php" line="79" assertions="3" time="0.246321"/>
        <testcase name="testDestroyAction" class="Tests\Feature\JudoeventTest" file="/var/www/html/tests/Feature/Admin/JudoeventTest.php" line="105" assertions="3" time="0.250964"/>
      </testsuite>
      <testsuite name="Tests\Feature\MemberTest" file="/var/www/html/tests/Feature/Admin/MemberTest.php" tests="3" assertions="6" failures="0" errors="0" time="0.828824">
        <testcase name="testIndexAction" class="Tests\Feature\MemberTest" file="/var/www/html/tests/Feature/Admin/MemberTest.php" line="25" assertions="2" time="0.277674"/>
        <testcase name="testSaveAction" class="Tests\Feature\MemberTest" file="/var/www/html/tests/Feature/Admin/MemberTest.php" line="32" assertions="2" time="0.324456"/>
        <testcase name="testLoadAction" class="Tests\Feature\MemberTest" file="/var/www/html/tests/Feature/Admin/MemberTest.php" line="62" assertions="2" time="0.226694"/>
      </testsuite>
      <testsuite name="Tests\Feature\PictureTest" file="/var/www/html/tests/Feature/Admin/PictureTest.php" tests="2" assertions="4" failures="0" errors="0" time="0.575190">
        <testcase name="testStoreAction" class="Tests\Feature\PictureTest" file="/var/www/html/tests/Feature/Admin/PictureTest.php" line="28" assertions="2" time="0.357178"/>
        <testcase name="testShowAction" class="Tests\Feature\PictureTest" file="/var/www/html/tests/Feature/Admin/PictureTest.php" line="43" assertions="2" time="0.218012"/>
      </testsuite>
      <testsuite name="Tests\Feature\ResultTest" file="/var/www/html/tests/Feature/Admin/ResultTest.php" tests="6" assertions="15" failures="0" errors="0" time="1.588894">
        <testcase name="testIndexAction" class="Tests\Feature\ResultTest" file="/var/www/html/tests/Feature/Admin/ResultTest.php" line="27" assertions="2" time="0.302632"/>
        <testcase name="testCreateAction" class="Tests\Feature\ResultTest" file="/var/www/html/tests/Feature/Admin/ResultTest.php" line="34" assertions="2" time="0.241112"/>
        <testcase name="testStoreAction" class="Tests\Feature\ResultTest" file="/var/www/html/tests/Feature/Admin/ResultTest.php" line="41" assertions="3" time="0.239245"/>
        <testcase name="testEditAction" class="Tests\Feature\ResultTest" file="/var/www/html/tests/Feature/Admin/ResultTest.php" line="67" assertions="2" time="0.269452"/>
        <testcase name="testUpdateAction" class="Tests\Feature\ResultTest" file="/var/www/html/tests/Feature/Admin/ResultTest.php" line="80" assertions="3" time="0.288113"/>
        <testcase name="testDestroyAction" class="Tests\Feature\ResultTest" file="/var/www/html/tests/Feature/Admin/ResultTest.php" line="107" assertions="3" time="0.248340"/>
      </testsuite>
      <testsuite name="Tests\Feature\SeasonTest" file="/var/www/html/tests/Feature/Admin/SeasonTest.php" tests="6" assertions="14" failures="0" errors="0" time="1.270984">
        <testcase name="testIndexStatus" class="Tests\Feature\SeasonTest" file="/var/www/html/tests/Feature/Admin/SeasonTest.php" line="27" assertions="2" time="0.227098"/>
        <testcase name="testStoreAction" class="Tests\Feature\SeasonTest" file="/var/www/html/tests/Feature/Admin/SeasonTest.php" line="34" assertions="2" time="0.215742"/>
        <testcase name="testEditAction" class="Tests\Feature\SeasonTest" file="/var/www/html/tests/Feature/Admin/SeasonTest.php" line="51" assertions="2" time="0.203442"/>
        <testcase name="testUpdateAction" class="Tests\Feature\SeasonTest" file="/var/www/html/tests/Feature/Admin/SeasonTest.php" line="64" assertions="3" time="0.211617"/>
        <testcase name="testDestroyAction" class="Tests\Feature\SeasonTest" file="/var/www/html/tests/Feature/Admin/SeasonTest.php" line="93" assertions="3" time="0.212005"/>
        <testcase name="testGetListAction" class="Tests\Feature\SeasonTest" file="/var/www/html/tests/Feature/Admin/SeasonTest.php" line="109" assertions="2" time="0.201080"/>
      </testsuite>
      <testsuite name="Tests\Feature\UserTest" file="/var/www/html/tests/Feature/Admin/UserTest.php" tests="7" assertions="19" failures="0" errors="0" time="1.554993">
        <testcase name="testIndexStatus" class="Tests\Feature\UserTest" file="/var/www/html/tests/Feature/Admin/UserTest.php" line="30" assertions="2" time="0.260231"/>
        <testcase name="testChangeIsAdmin" class="Tests\Feature\UserTest" file="/var/www/html/tests/Feature/Admin/UserTest.php" line="37" assertions="3" time="0.215224"/>
        <testcase name="testChangeIsTeacher" class="Tests\Feature\UserTest" file="/var/www/html/tests/Feature/Admin/UserTest.php" line="53" assertions="3" time="0.215417"/>
        <testcase name="testChangeIsDebug" class="Tests\Feature\UserTest" file="/var/www/html/tests/Feature/Admin/UserTest.php" line="69" assertions="3" time="0.212629"/>
        <testcase name="testEditStatus" class="Tests\Feature\UserTest" file="/var/www/html/tests/Feature/Admin/UserTest.php" line="85" assertions="2" time="0.199814"/>
        <testcase name="testUpdateDB" class="Tests\Feature\UserTest" file="/var/www/html/tests/Feature/Admin/UserTest.php" line="97" assertions="3" time="0.210306"/>
        <testcase name="testDestroyStatus" class="Tests\Feature\UserTest" file="/var/www/html/tests/Feature/Admin/UserTest.php" line="125" assertions="3" time="0.241372"/>
      </testsuite>
      <testsuite name="Tests\Feature\ExampleTest" file="/var/www/html/tests/Feature/ExampleTest.php" tests="1" assertions="1" failures="0" errors="0" time="0.018605">
        <testcase name="testBasicTest" class="Tests\Feature\ExampleTest" file="/var/www/html/tests/Feature/ExampleTest.php" line="17" assertions="1" time="0.018605"/>
      </testsuite>
    </testsuite>
    <testsuite name="Unit Tests" tests="15" assertions="15" failures="0" errors="0" time="0.420073">
      <testsuite name="Tests\Unit\AgeCategoryTest" file="/var/www/html/tests/Unit/AgeCategoryTest.php" tests="1" assertions="1" failures="0" errors="0" time="0.007006">
        <testcase name="testExample" class="Tests\Unit\AgeCategoryTest" file="/var/www/html/tests/Unit/AgeCategoryTest.php" line="16" assertions="1" time="0.007006"/>
      </testsuite>
      <testsuite name="Tests\Unit\AlbumTest" file="/var/www/html/tests/Unit/AlbumTest.php" tests="1" assertions="1" failures="0" errors="0" time="0.006455">
        <testcase name="testExample" class="Tests\Unit\AlbumTest" file="/var/www/html/tests/Unit/AlbumTest.php" line="16" assertions="1" time="0.006455"/>
      </testsuite>
      <testsuite name="Tests\Unit\ArticleTest" file="/var/www/html/tests/Unit/ArticleTest.php" tests="1" assertions="1" failures="0" errors="0" time="0.006555">
        <testcase name="testExample" class="Tests\Unit\ArticleTest" file="/var/www/html/tests/Unit/ArticleTest.php" line="16" assertions="1" time="0.006555"/>
      </testsuite>
      <testsuite name="Tests\Unit\CategoryTest" file="/var/www/html/tests/Unit/CategoryTest.php" tests="1" assertions="1" failures="0" errors="0" time="0.006887">
        <testcase name="testExample" class="Tests\Unit\CategoryTest" file="/var/www/html/tests/Unit/CategoryTest.php" line="16" assertions="1" time="0.006887"/>
      </testsuite>
      <testsuite name="Tests\Unit\CourseTest" file="/var/www/html/tests/Unit/CourseTest.php" tests="1" assertions="1" failures="0" errors="0" time="0.007864">
        <testcase name="testExample" class="Tests\Unit\CourseTest" file="/var/www/html/tests/Unit/CourseTest.php" line="16" assertions="1" time="0.007864"/>
      </testsuite>
      <testsuite name="Tests\Unit\ExampleTest" file="/var/www/html/tests/Unit/ExampleTest.php" tests="1" assertions="1" failures="0" errors="0" time="0.006463">
        <testcase name="testBasicTest" class="Tests\Unit\ExampleTest" file="/var/www/html/tests/Unit/ExampleTest.php" line="16" assertions="1" time="0.006463"/>
      </testsuite>
      <testsuite name="Tests\Unit\InscriptionTest" file="/var/www/html/tests/Unit/InscriptionTest.php" tests="1" assertions="1" failures="0" errors="0" time="0.006429">
        <testcase name="testExample" class="Tests\Unit\InscriptionTest" file="/var/www/html/tests/Unit/InscriptionTest.php" line="16" assertions="1" time="0.006429"/>
      </testsuite>
      <testsuite name="Tests\Unit\JudoeventTest" file="/var/www/html/tests/Unit/JudoeventTest.php" tests="1" assertions="1" failures="0" errors="0" time="0.006640">
        <testcase name="testExample" class="Tests\Unit\JudoeventTest" file="/var/www/html/tests/Unit/JudoeventTest.php" line="16" assertions="1" time="0.006640"/>
      </testsuite>
      <testsuite name="Tests\Unit\MemberTest" file="/var/www/html/tests/Unit/MemberTest.php" tests="1" assertions="1" failures="0" errors="0" time="0.006580">
        <testcase name="testExample" class="Tests\Unit\MemberTest" file="/var/www/html/tests/Unit/MemberTest.php" line="16" assertions="1" time="0.006580"/>
      </testsuite>
      <testsuite name="Tests\Unit\PictureTest" file="/var/www/html/tests/Unit/PictureTest.php" tests="1" assertions="1" failures="0" errors="0" time="0.006640">
        <testcase name="testExample" class="Tests\Unit\PictureTest" file="/var/www/html/tests/Unit/PictureTest.php" line="16" assertions="1" time="0.006640"/>
      </testsuite>
      <testsuite name="Tests\Unit\ResultTest" file="/var/www/html/tests/Unit/ResultTest.php" tests="1" assertions="1" failures="0" errors="0" time="0.006397">
        <testcase name="testExample" class="Tests\Unit\ResultTest" file="/var/www/html/tests/Unit/ResultTest.php" line="16" assertions="1" time="0.006397"/>
      </testsuite>
      <testsuite name="Tests\Unit\SeasonTest" file="/var/www/html/tests/Unit/SeasonTest.php" tests="1" assertions="1" failures="0" errors="0" time="0.006325">
        <testcase name="testExample" class="Tests\Unit\SeasonTest" file="/var/www/html/tests/Unit/SeasonTest.php" line="16" assertions="1" time="0.006325"/>
      </testsuite>
      <testsuite name="Tests\Unit\UserTest" file="/var/www/html/tests/Unit/UserTest.php" tests="3" assertions="3" failures="0" errors="0" time="0.339832">
        <testcase name="testBasicUser" class="Tests\Unit\UserTest" file="/var/www/html/tests/Unit/UserTest.php" line="20" assertions="1" time="0.122621"/>
        <testcase name="testAdminUser" class="Tests\Unit\UserTest" file="/var/www/html/tests/Unit/UserTest.php" line="29" assertions="1" time="0.108705"/>
        <testcase name="testDebugUser" class="Tests\Unit\UserTest" file="/var/www/html/tests/Unit/UserTest.php" line="36" assertions="1" time="0.108506"/>
      </testsuite>
    </testsuite>
  </testsuite>
</testsuites>
