{"changed":true,"filter":false,"title":"testResults.xml","tooltip":"/tests/testResults.xml","value":"<?xml version=\"1.0\" encoding=\"UTF-8\"?>\n<testsuites>\n  <testsuite name=\"\" tests=\"46\" assertions=\"92\" failures=\"0\" errors=\"1\" time=\"7.894037\">\n    <testsuite name=\"Feature Tests\" tests=\"31\" assertions=\"77\" failures=\"0\" errors=\"1\" time=\"7.477823\">\n      <testsuite name=\"Tests\\Feature\\AgeCategoryTest\" file=\"/var/www/html/tests/Feature/Admin/AgeCategoryTest.php\" tests=\"6\" assertions=\"19\" failures=\"0\" errors=\"0\" time=\"1.490401\">\n        <testcase name=\"testIndexStatus\" class=\"Tests\\Feature\\AgeCategoryTest\" file=\"/var/www/html/tests/Feature/Admin/AgeCategoryTest.php\" line=\"40\" assertions=\"2\" time=\"0.303657\"/>\n        <testcase name=\"testStoreStatus\" class=\"Tests\\Feature\\AgeCategoryTest\" file=\"/var/www/html/tests/Feature/Admin/AgeCategoryTest.php\" line=\"50\" assertions=\"6\" time=\"0.332746\"/>\n        <testcase name=\"testEditStatus\" class=\"Tests\\Feature\\AgeCategoryTest\" file=\"/var/www/html/tests/Feature/Admin/AgeCategoryTest.php\" line=\"73\" assertions=\"3\" time=\"0.224383\"/>\n        <testcase name=\"testUpdateStatus\" class=\"Tests\\Feature\\AgeCategoryTest\" file=\"/var/www/html/tests/Feature/Admin/AgeCategoryTest.php\" line=\"102\" assertions=\"3\" time=\"0.207141\"/>\n        <testcase name=\"testDestroyStatus\" class=\"Tests\\Feature\\AgeCategoryTest\" file=\"/var/www/html/tests/Feature/Admin/AgeCategoryTest.php\" line=\"127\" assertions=\"3\" time=\"0.201781\"/>\n        <testcase name=\"testWrongCreateStatus\" class=\"Tests\\Feature\\AgeCategoryTest\" file=\"/var/www/html/tests/Feature/Admin/AgeCategoryTest.php\" line=\"149\" assertions=\"2\" time=\"0.220693\"/>\n      </testsuite>\n      <testsuite name=\"Tests\\Feature\\MemberTest\" file=\"/var/www/html/tests/Feature/Admin/MemberTest.php\" tests=\"3\" assertions=\"5\" failures=\"0\" errors=\"1\" time=\"0.670222\">\n        <testcase name=\"testIndexAction\" class=\"Tests\\Feature\\MemberTest\" file=\"/var/www/html/tests/Feature/Admin/MemberTest.php\" line=\"24\" assertions=\"2\" time=\"0.198749\"/>\n        <testcase name=\"testSaveAction\" class=\"Tests\\Feature\\MemberTest\" file=\"/var/www/html/tests/Feature/Admin/MemberTest.php\" line=\"31\" assertions=\"2\" time=\"0.253909\"/>\n        <testcase name=\"testLoadAction\" class=\"Tests\\Feature\\MemberTest\" file=\"/var/www/html/tests/Feature/Admin/MemberTest.php\" line=\"60\" assertions=\"1\" time=\"0.217564\">\n          <error type=\"Illuminate\\Database\\QueryException\">Tests\\Feature\\MemberTest::testLoadAction\nIlluminate\\Database\\QueryException: SQLSTATE[42S22]: Column not found: 1054 Unknown column 'complementary_insurance' in 'field list' (SQL: insert into `members` (`lastname`, `firstname`, `sexe`, `birthday`, `address`, `postal_code`, `city`, `phone`, `red_list`, `mobile`, `email`, `complementary_insurance`, `minor_go_alone`, `major_take_off`, `season_id`, `updated_at`, `created_at`) values (Alexandre, Fahey, Masculin, 1936-12-11 14:48:41, 21929 Harber Glens Apt. 067, 49116-0144, Port Maxine, +1.559.235.3249, 1, 1-984-791-3620 x347, kole81@example.com, 1, 0, 1, 9, 2017-09-23 07:55:21, 2017-09-23 07:55:21))\n\n/var/www/html/vendor/laravel/framework/src/Illuminate/Database/Connection.php:647\n/var/www/html/vendor/laravel/framework/src/Illuminate/Database/Connection.php:607\n/var/www/html/vendor/laravel/framework/src/Illuminate/Database/Connection.php:450\n/var/www/html/vendor/laravel/framework/src/Illuminate/Database/Connection.php:404\n/var/www/html/vendor/laravel/framework/src/Illuminate/Database/Query/Processors/Processor.php:32\n/var/www/html/vendor/laravel/framework/src/Illuminate/Database/Query/Builder.php:2133\n/var/www/html/vendor/laravel/framework/src/Illuminate/Database/Eloquent/Builder.php:1251\n/var/www/html/vendor/laravel/framework/src/Illuminate/Database/Eloquent/Model.php:688\n/var/www/html/vendor/laravel/framework/src/Illuminate/Database/Eloquent/Model.php:653\n/var/www/html/vendor/laravel/framework/src/Illuminate/Database/Eloquent/Model.php:522\n/var/www/html/vendor/laravel/framework/src/Illuminate/Database/Eloquent/FactoryBuilder.php:150\n/var/www/html/vendor/laravel/framework/src/Illuminate/Support/Collection.php:287\n/var/www/html/vendor/laravel/framework/src/Illuminate/Database/Eloquent/FactoryBuilder.php:151\n/var/www/html/vendor/laravel/framework/src/Illuminate/Database/Eloquent/FactoryBuilder.php:131\n/var/www/html/tests/Feature/Admin/MemberTest.php:63\n</error>\n        </testcase>\n      </testsuite>\n      <testsuite name=\"Tests\\Feature\\PictureTest\" file=\"/var/www/html/tests/Feature/Admin/PictureTest.php\" tests=\"2\" assertions=\"4\" failures=\"0\" errors=\"0\" time=\"0.697674\">\n        <testcase name=\"testStoreAction\" class=\"Tests\\Feature\\PictureTest\" file=\"/var/www/html/tests/Feature/Admin/PictureTest.php\" line=\"28\" assertions=\"2\" time=\"0.452825\"/>\n        <testcase name=\"testShowAction\" class=\"Tests\\Feature\\PictureTest\" file=\"/var/www/html/tests/Feature/Admin/PictureTest.php\" line=\"43\" assertions=\"2\" time=\"0.244849\"/>\n      </testsuite>\n      <testsuite name=\"Tests\\Feature\\ResultTest\" file=\"/var/www/html/tests/Feature/Admin/ResultTest.php\" tests=\"6\" assertions=\"15\" failures=\"0\" errors=\"0\" time=\"1.494503\">\n        <testcase name=\"testIndexAction\" class=\"Tests\\Feature\\ResultTest\" file=\"/var/www/html/tests/Feature/Admin/ResultTest.php\" line=\"27\" assertions=\"2\" time=\"0.274288\"/>\n        <testcase name=\"testCreateAction\" class=\"Tests\\Feature\\ResultTest\" file=\"/var/www/html/tests/Feature/Admin/ResultTest.php\" line=\"34\" assertions=\"2\" time=\"0.206282\"/>\n        <testcase name=\"testStoreAction\" class=\"Tests\\Feature\\ResultTest\" file=\"/var/www/html/tests/Feature/Admin/ResultTest.php\" line=\"41\" assertions=\"3\" time=\"0.242159\"/>\n        <testcase name=\"testEditAction\" class=\"Tests\\Feature\\ResultTest\" file=\"/var/www/html/tests/Feature/Admin/ResultTest.php\" line=\"67\" assertions=\"2\" time=\"0.237597\"/>\n        <testcase name=\"testUpdateAction\" class=\"Tests\\Feature\\ResultTest\" file=\"/var/www/html/tests/Feature/Admin/ResultTest.php\" line=\"80\" assertions=\"3\" time=\"0.278767\"/>\n        <testcase name=\"testDestroyAction\" class=\"Tests\\Feature\\ResultTest\" file=\"/var/www/html/tests/Feature/Admin/ResultTest.php\" line=\"107\" assertions=\"3\" time=\"0.255410\"/>\n      </testsuite>\n      <testsuite name=\"Tests\\Feature\\SeasonTest\" file=\"/var/www/html/tests/Feature/Admin/SeasonTest.php\" tests=\"6\" assertions=\"14\" failures=\"0\" errors=\"0\" time=\"1.285424\">\n        <testcase name=\"testIndexStatus\" class=\"Tests\\Feature\\SeasonTest\" file=\"/var/www/html/tests/Feature/Admin/SeasonTest.php\" line=\"27\" assertions=\"2\" time=\"0.193355\"/>\n        <testcase name=\"testStoreAction\" class=\"Tests\\Feature\\SeasonTest\" file=\"/var/www/html/tests/Feature/Admin/SeasonTest.php\" line=\"34\" assertions=\"2\" time=\"0.228840\"/>\n        <testcase name=\"testEditAction\" class=\"Tests\\Feature\\SeasonTest\" file=\"/var/www/html/tests/Feature/Admin/SeasonTest.php\" line=\"51\" assertions=\"2\" time=\"0.204829\"/>\n        <testcase name=\"testUpdateAction\" class=\"Tests\\Feature\\SeasonTest\" file=\"/var/www/html/tests/Feature/Admin/SeasonTest.php\" line=\"64\" assertions=\"3\" time=\"0.205849\"/>\n        <testcase name=\"testDestroyAction\" class=\"Tests\\Feature\\SeasonTest\" file=\"/var/www/html/tests/Feature/Admin/SeasonTest.php\" line=\"93\" assertions=\"3\" time=\"0.236876\"/>\n        <testcase name=\"testGetListAction\" class=\"Tests\\Feature\\SeasonTest\" file=\"/var/www/html/tests/Feature/Admin/SeasonTest.php\" line=\"109\" assertions=\"2\" time=\"0.215675\"/>\n      </testsuite>\n      <testsuite name=\"Tests\\Feature\\UserTest\" file=\"/var/www/html/tests/Feature/Admin/UserTest.php\" tests=\"7\" assertions=\"19\" failures=\"0\" errors=\"0\" time=\"1.640058\">\n        <testcase name=\"testIndexStatus\" class=\"Tests\\Feature\\UserTest\" file=\"/var/www/html/tests/Feature/Admin/UserTest.php\" line=\"30\" assertions=\"2\" time=\"0.226999\"/>\n        <testcase name=\"testChangeIsAdmin\" class=\"Tests\\Feature\\UserTest\" file=\"/var/www/html/tests/Feature/Admin/UserTest.php\" line=\"37\" assertions=\"3\" time=\"0.265158\"/>\n        <testcase name=\"testChangeIsTeacher\" class=\"Tests\\Feature\\UserTest\" file=\"/var/www/html/tests/Feature/Admin/UserTest.php\" line=\"53\" assertions=\"3\" time=\"0.225459\"/>\n        <testcase name=\"testChangeIsDebug\" class=\"Tests\\Feature\\UserTest\" file=\"/var/www/html/tests/Feature/Admin/UserTest.php\" line=\"69\" assertions=\"3\" time=\"0.202478\"/>\n        <testcase name=\"testEditStatus\" class=\"Tests\\Feature\\UserTest\" file=\"/var/www/html/tests/Feature/Admin/UserTest.php\" line=\"85\" assertions=\"2\" time=\"0.274150\"/>\n        <testcase name=\"testUpdateDB\" class=\"Tests\\Feature\\UserTest\" file=\"/var/www/html/tests/Feature/Admin/UserTest.php\" line=\"97\" assertions=\"3\" time=\"0.203307\"/>\n        <testcase name=\"testDestroyStatus\" class=\"Tests\\Feature\\UserTest\" file=\"/var/www/html/tests/Feature/Admin/UserTest.php\" line=\"125\" assertions=\"3\" time=\"0.242507\"/>\n      </testsuite>\n      <testsuite name=\"Tests\\Feature\\ExampleTest\" file=\"/var/www/html/tests/Feature/ExampleTest.php\" tests=\"1\" assertions=\"1\" failures=\"0\" errors=\"0\" time=\"0.199542\">\n        <testcase name=\"testBasicTest\" class=\"Tests\\Feature\\ExampleTest\" file=\"/var/www/html/tests/Feature/ExampleTest.php\" line=\"17\" assertions=\"1\" time=\"0.199542\"/>\n      </testsuite>\n    </testsuite>\n    <testsuite name=\"Unit Tests\" tests=\"15\" assertions=\"15\" failures=\"0\" errors=\"0\" time=\"0.416214\">\n      <testsuite name=\"Tests\\Unit\\AgeCategoryTest\" file=\"/var/www/html/tests/Unit/AgeCategoryTest.php\" tests=\"1\" assertions=\"1\" failures=\"0\" errors=\"0\" time=\"0.010963\">\n        <testcase name=\"testExample\" class=\"Tests\\Unit\\AgeCategoryTest\" file=\"/var/www/html/tests/Unit/AgeCategoryTest.php\" line=\"16\" assertions=\"1\" time=\"0.010963\"/>\n      </testsuite>\n      <testsuite name=\"Tests\\Unit\\AlbumTest\" file=\"/var/www/html/tests/Unit/AlbumTest.php\" tests=\"1\" assertions=\"1\" failures=\"0\" errors=\"0\" time=\"0.009549\">\n        <testcase name=\"testExample\" class=\"Tests\\Unit\\AlbumTest\" file=\"/var/www/html/tests/Unit/AlbumTest.php\" line=\"16\" assertions=\"1\" time=\"0.009549\"/>\n      </testsuite>\n      <testsuite name=\"Tests\\Unit\\ArticleTest\" file=\"/var/www/html/tests/Unit/ArticleTest.php\" tests=\"1\" assertions=\"1\" failures=\"0\" errors=\"0\" time=\"0.009771\">\n        <testcase name=\"testExample\" class=\"Tests\\Unit\\ArticleTest\" file=\"/var/www/html/tests/Unit/ArticleTest.php\" line=\"16\" assertions=\"1\" time=\"0.009771\"/>\n      </testsuite>\n      <testsuite name=\"Tests\\Unit\\CategoryTest\" file=\"/var/www/html/tests/Unit/CategoryTest.php\" tests=\"1\" assertions=\"1\" failures=\"0\" errors=\"0\" time=\"0.009130\">\n        <testcase name=\"testExample\" class=\"Tests\\Unit\\CategoryTest\" file=\"/var/www/html/tests/Unit/CategoryTest.php\" line=\"16\" assertions=\"1\" time=\"0.009130\"/>\n      </testsuite>\n      <testsuite name=\"Tests\\Unit\\CourseTest\" file=\"/var/www/html/tests/Unit/CourseTest.php\" tests=\"1\" assertions=\"1\" failures=\"0\" errors=\"0\" time=\"0.008203\">\n        <testcase name=\"testExample\" class=\"Tests\\Unit\\CourseTest\" file=\"/var/www/html/tests/Unit/CourseTest.php\" line=\"16\" assertions=\"1\" time=\"0.008203\"/>\n      </testsuite>\n      <testsuite name=\"Tests\\Unit\\ExampleTest\" file=\"/var/www/html/tests/Unit/ExampleTest.php\" tests=\"1\" assertions=\"1\" failures=\"0\" errors=\"0\" time=\"0.011431\">\n        <testcase name=\"testBasicTest\" class=\"Tests\\Unit\\ExampleTest\" file=\"/var/www/html/tests/Unit/ExampleTest.php\" line=\"16\" assertions=\"1\" time=\"0.011431\"/>\n      </testsuite>\n      <testsuite name=\"Tests\\Unit\\InscriptionTest\" file=\"/var/www/html/tests/Unit/InscriptionTest.php\" tests=\"1\" assertions=\"1\" failures=\"0\" errors=\"0\" time=\"0.007712\">\n        <testcase name=\"testExample\" class=\"Tests\\Unit\\InscriptionTest\" file=\"/var/www/html/tests/Unit/InscriptionTest.php\" line=\"16\" assertions=\"1\" time=\"0.007712\"/>\n      </testsuite>\n      <testsuite name=\"Tests\\Unit\\JudoeventTest\" file=\"/var/www/html/tests/Unit/JudoeventTest.php\" tests=\"1\" assertions=\"1\" failures=\"0\" errors=\"0\" time=\"0.007423\">\n        <testcase name=\"testExample\" class=\"Tests\\Unit\\JudoeventTest\" file=\"/var/www/html/tests/Unit/JudoeventTest.php\" line=\"16\" assertions=\"1\" time=\"0.007423\"/>\n      </testsuite>\n      <testsuite name=\"Tests\\Unit\\MemberTest\" file=\"/var/www/html/tests/Unit/MemberTest.php\" tests=\"1\" assertions=\"1\" failures=\"0\" errors=\"0\" time=\"0.007312\">\n        <testcase name=\"testExample\" class=\"Tests\\Unit\\MemberTest\" file=\"/var/www/html/tests/Unit/MemberTest.php\" line=\"16\" assertions=\"1\" time=\"0.007312\"/>\n      </testsuite>\n      <testsuite name=\"Tests\\Unit\\PictureTest\" file=\"/var/www/html/tests/Unit/PictureTest.php\" tests=\"1\" assertions=\"1\" failures=\"0\" errors=\"0\" time=\"0.006729\">\n        <testcase name=\"testExample\" class=\"Tests\\Unit\\PictureTest\" file=\"/var/www/html/tests/Unit/PictureTest.php\" line=\"16\" assertions=\"1\" time=\"0.006729\"/>\n      </testsuite>\n      <testsuite name=\"Tests\\Unit\\ResultTest\" file=\"/var/www/html/tests/Unit/ResultTest.php\" tests=\"1\" assertions=\"1\" failures=\"0\" errors=\"0\" time=\"0.006660\">\n        <testcase name=\"testExample\" class=\"Tests\\Unit\\ResultTest\" file=\"/var/www/html/tests/Unit/ResultTest.php\" line=\"16\" assertions=\"1\" time=\"0.006660\"/>\n      </testsuite>\n      <testsuite name=\"Tests\\Unit\\SeasonTest\" file=\"/var/www/html/tests/Unit/SeasonTest.php\" tests=\"1\" assertions=\"1\" failures=\"0\" errors=\"0\" time=\"0.006340\">\n        <testcase name=\"testExample\" class=\"Tests\\Unit\\SeasonTest\" file=\"/var/www/html/tests/Unit/SeasonTest.php\" line=\"16\" assertions=\"1\" time=\"0.006340\"/>\n      </testsuite>\n      <testsuite name=\"Tests\\Unit\\UserTest\" file=\"/var/www/html/tests/Unit/UserTest.php\" tests=\"3\" assertions=\"3\" failures=\"0\" errors=\"0\" time=\"0.314991\">\n        <testcase name=\"testBasicUser\" class=\"Tests\\Unit\\UserTest\" file=\"/var/www/html/tests/Unit/UserTest.php\" line=\"20\" assertions=\"1\" time=\"0.117637\"/>\n        <testcase name=\"testAdminUser\" class=\"Tests\\Unit\\UserTest\" file=\"/var/www/html/tests/Unit/UserTest.php\" line=\"29\" assertions=\"1\" time=\"0.098664\"/>\n        <testcase name=\"testDebugUser\" class=\"Tests\\Unit\\UserTest\" file=\"/var/www/html/tests/Unit/UserTest.php\" line=\"36\" assertions=\"1\" time=\"0.098690\"/>\n      </testsuite>\n    </testsuite>\n  </testsuite>\n</testsuites>\n","undoManager":{"mark":-2,"position":1,"stack":[[{"start":{"row":0,"column":0},"end":{"row":93,"column":0},"action":"remove","lines":["<?xml version=\"1.0\" encoding=\"UTF-8\"?>","<testsuites>","  <testsuite name=\"\" tests=\"44\" assertions=\"89\" failures=\"0\" errors=\"0\" time=\"5.515317\">","    <testsuite name=\"Feature Tests\" tests=\"29\" assertions=\"74\" failures=\"0\" errors=\"0\" time=\"5.156297\">","      <testsuite name=\"Tests\\Feature\\AgeCategoryTest\" file=\"C:\\DevPHP\\Web\\sas_judo\\tests\\Feature\\Admin\\AgeCategoryTest.php\" tests=\"6\" assertions=\"19\" failures=\"0\" errors=\"0\" time=\"1.231071\">","        <testcase name=\"testIndexStatus\" class=\"Tests\\Feature\\AgeCategoryTest\" file=\"C:\\DevPHP\\Web\\sas_judo\\tests\\Feature\\Admin\\AgeCategoryTest.php\" line=\"40\" assertions=\"2\" time=\"0.302018\"/>","        <testcase name=\"testStoreStatus\" class=\"Tests\\Feature\\AgeCategoryTest\" file=\"C:\\DevPHP\\Web\\sas_judo\\tests\\Feature\\Admin\\AgeCategoryTest.php\" line=\"50\" assertions=\"6\" time=\"0.259014\"/>","        <testcase name=\"testEditStatus\" class=\"Tests\\Feature\\AgeCategoryTest\" file=\"C:\\DevPHP\\Web\\sas_judo\\tests\\Feature\\Admin\\AgeCategoryTest.php\" line=\"73\" assertions=\"3\" time=\"0.172010\"/>","        <testcase name=\"testUpdateStatus\" class=\"Tests\\Feature\\AgeCategoryTest\" file=\"C:\\DevPHP\\Web\\sas_judo\\tests\\Feature\\Admin\\AgeCategoryTest.php\" line=\"102\" assertions=\"3\" time=\"0.165010\"/>","        <testcase name=\"testDestroyStatus\" class=\"Tests\\Feature\\AgeCategoryTest\" file=\"C:\\DevPHP\\Web\\sas_judo\\tests\\Feature\\Admin\\AgeCategoryTest.php\" line=\"127\" assertions=\"3\" time=\"0.164009\"/>","        <testcase name=\"testWrongCreateStatus\" class=\"Tests\\Feature\\AgeCategoryTest\" file=\"C:\\DevPHP\\Web\\sas_judo\\tests\\Feature\\Admin\\AgeCategoryTest.php\" line=\"149\" assertions=\"2\" time=\"0.169010\"/>","      </testsuite>","      <testsuite name=\"Tests\\Feature\\MemberTest\" file=\"C:\\DevPHP\\Web\\sas_judo\\tests\\Feature\\Admin\\MemberTest.php\" tests=\"1\" assertions=\"2\" failures=\"0\" errors=\"0\" time=\"0.170010\">","        <testcase name=\"testIndexAction\" class=\"Tests\\Feature\\MemberTest\" file=\"C:\\DevPHP\\Web\\sas_judo\\tests\\Feature\\Admin\\MemberTest.php\" line=\"24\" assertions=\"2\" time=\"0.170010\"/>","      </testsuite>","      <testsuite name=\"Tests\\Feature\\PictureTest\" file=\"C:\\DevPHP\\Web\\sas_judo\\tests\\Feature\\Admin\\PictureTest.php\" tests=\"2\" assertions=\"4\" failures=\"0\" errors=\"0\" time=\"0.390022\">","        <testcase name=\"testStoreAction\" class=\"Tests\\Feature\\PictureTest\" file=\"C:\\DevPHP\\Web\\sas_judo\\tests\\Feature\\Admin\\PictureTest.php\" line=\"28\" assertions=\"2\" time=\"0.208012\"/>","        <testcase name=\"testShowAction\" class=\"Tests\\Feature\\PictureTest\" file=\"C:\\DevPHP\\Web\\sas_judo\\tests\\Feature\\Admin\\PictureTest.php\" line=\"43\" assertions=\"2\" time=\"0.182010\"/>","      </testsuite>","      <testsuite name=\"Tests\\Feature\\ResultTest\" file=\"C:\\DevPHP\\Web\\sas_judo\\tests\\Feature\\Admin\\ResultTest.php\" tests=\"6\" assertions=\"15\" failures=\"0\" errors=\"0\" time=\"1.097064\">","        <testcase name=\"testIndexAction\" class=\"Tests\\Feature\\ResultTest\" file=\"C:\\DevPHP\\Web\\sas_judo\\tests\\Feature\\Admin\\ResultTest.php\" line=\"27\" assertions=\"2\" time=\"0.220013\"/>","        <testcase name=\"testCreateAction\" class=\"Tests\\Feature\\ResultTest\" file=\"C:\\DevPHP\\Web\\sas_judo\\tests\\Feature\\Admin\\ResultTest.php\" line=\"34\" assertions=\"2\" time=\"0.168009\"/>","        <testcase name=\"testStoreAction\" class=\"Tests\\Feature\\ResultTest\" file=\"C:\\DevPHP\\Web\\sas_judo\\tests\\Feature\\Admin\\ResultTest.php\" line=\"41\" assertions=\"3\" time=\"0.176011\"/>","        <testcase name=\"testEditAction\" class=\"Tests\\Feature\\ResultTest\" file=\"C:\\DevPHP\\Web\\sas_judo\\tests\\Feature\\Admin\\ResultTest.php\" line=\"67\" assertions=\"2\" time=\"0.180011\"/>","        <testcase name=\"testUpdateAction\" class=\"Tests\\Feature\\ResultTest\" file=\"C:\\DevPHP\\Web\\sas_judo\\tests\\Feature\\Admin\\ResultTest.php\" line=\"80\" assertions=\"3\" time=\"0.173010\"/>","        <testcase name=\"testDestroyAction\" class=\"Tests\\Feature\\ResultTest\" file=\"C:\\DevPHP\\Web\\sas_judo\\tests\\Feature\\Admin\\ResultTest.php\" line=\"107\" assertions=\"3\" time=\"0.180010\"/>","      </testsuite>","      <testsuite name=\"Tests\\Feature\\SeasonTest\" file=\"C:\\DevPHP\\Web\\sas_judo\\tests\\Feature\\Admin\\SeasonTest.php\" tests=\"6\" assertions=\"14\" failures=\"0\" errors=\"0\" time=\"1.050060\">","        <testcase name=\"testIndexStatus\" class=\"Tests\\Feature\\SeasonTest\" file=\"C:\\DevPHP\\Web\\sas_judo\\tests\\Feature\\Admin\\SeasonTest.php\" line=\"27\" assertions=\"2\" time=\"0.163009\"/>","        <testcase name=\"testStoreAction\" class=\"Tests\\Feature\\SeasonTest\" file=\"C:\\DevPHP\\Web\\sas_judo\\tests\\Feature\\Admin\\SeasonTest.php\" line=\"34\" assertions=\"2\" time=\"0.210012\"/>","        <testcase name=\"testEditAction\" class=\"Tests\\Feature\\SeasonTest\" file=\"C:\\DevPHP\\Web\\sas_judo\\tests\\Feature\\Admin\\SeasonTest.php\" line=\"51\" assertions=\"2\" time=\"0.167010\"/>","        <testcase name=\"testUpdateAction\" class=\"Tests\\Feature\\SeasonTest\" file=\"C:\\DevPHP\\Web\\sas_judo\\tests\\Feature\\Admin\\SeasonTest.php\" line=\"64\" assertions=\"3\" time=\"0.174010\"/>","        <testcase name=\"testDestroyAction\" class=\"Tests\\Feature\\SeasonTest\" file=\"C:\\DevPHP\\Web\\sas_judo\\tests\\Feature\\Admin\\SeasonTest.php\" line=\"93\" assertions=\"3\" time=\"0.166009\"/>","        <testcase name=\"testGetListAction\" class=\"Tests\\Feature\\SeasonTest\" file=\"C:\\DevPHP\\Web\\sas_judo\\tests\\Feature\\Admin\\SeasonTest.php\" line=\"109\" assertions=\"2\" time=\"0.170010\"/>","      </testsuite>","      <testsuite name=\"Tests\\Feature\\UserTest\" file=\"C:\\DevPHP\\Web\\sas_judo\\tests\\Feature\\Admin\\UserTest.php\" tests=\"7\" assertions=\"19\" failures=\"0\" errors=\"0\" time=\"1.201069\">","        <testcase name=\"testIndexStatus\" class=\"Tests\\Feature\\UserTest\" file=\"C:\\DevPHP\\Web\\sas_judo\\tests\\Feature\\Admin\\UserTest.php\" line=\"30\" assertions=\"2\" time=\"0.221013\"/>","        <testcase name=\"testChangeIsAdmin\" class=\"Tests\\Feature\\UserTest\" file=\"C:\\DevPHP\\Web\\sas_judo\\tests\\Feature\\Admin\\UserTest.php\" line=\"37\" assertions=\"3\" time=\"0.157009\"/>","        <testcase name=\"testChangeIsTeacher\" class=\"Tests\\Feature\\UserTest\" file=\"C:\\DevPHP\\Web\\sas_judo\\tests\\Feature\\Admin\\UserTest.php\" line=\"53\" assertions=\"3\" time=\"0.155009\"/>","        <testcase name=\"testChangeIsDebug\" class=\"Tests\\Feature\\UserTest\" file=\"C:\\DevPHP\\Web\\sas_judo\\tests\\Feature\\Admin\\UserTest.php\" line=\"69\" assertions=\"3\" time=\"0.168009\"/>","        <testcase name=\"testEditStatus\" class=\"Tests\\Feature\\UserTest\" file=\"C:\\DevPHP\\Web\\sas_judo\\tests\\Feature\\Admin\\UserTest.php\" line=\"85\" assertions=\"2\" time=\"0.162010\"/>","        <testcase name=\"testUpdateDB\" class=\"Tests\\Feature\\UserTest\" file=\"C:\\DevPHP\\Web\\sas_judo\\tests\\Feature\\Admin\\UserTest.php\" line=\"97\" assertions=\"3\" time=\"0.166009\"/>","        <testcase name=\"testDestroyStatus\" class=\"Tests\\Feature\\UserTest\" file=\"C:\\DevPHP\\Web\\sas_judo\\tests\\Feature\\Admin\\UserTest.php\" line=\"125\" assertions=\"3\" time=\"0.172010\"/>","      </testsuite>","      <testsuite name=\"Tests\\Feature\\ExampleTest\" file=\"C:\\DevPHP\\Web\\sas_judo\\tests\\Feature\\ExampleTest.php\" tests=\"1\" assertions=\"1\" failures=\"0\" errors=\"0\" time=\"0.017001\">","        <testcase name=\"testBasicTest\" class=\"Tests\\Feature\\ExampleTest\" file=\"C:\\DevPHP\\Web\\sas_judo\\tests\\Feature\\ExampleTest.php\" line=\"17\" assertions=\"1\" time=\"0.017001\"/>","      </testsuite>","    </testsuite>","    <testsuite name=\"Unit Tests\" tests=\"15\" assertions=\"15\" failures=\"0\" errors=\"0\" time=\"0.359020\">","      <testsuite name=\"Tests\\Unit\\AgeCategoryTest\" file=\"C:\\DevPHP\\Web\\sas_judo\\tests\\Unit\\AgeCategoryTest.php\" tests=\"1\" assertions=\"1\" failures=\"0\" errors=\"0\" time=\"0.008000\">","        <testcase name=\"testExample\" class=\"Tests\\Unit\\AgeCategoryTest\" file=\"C:\\DevPHP\\Web\\sas_judo\\tests\\Unit\\AgeCategoryTest.php\" line=\"16\" assertions=\"1\" time=\"0.008000\"/>","      </testsuite>","      <testsuite name=\"Tests\\Unit\\AlbumTest\" file=\"C:\\DevPHP\\Web\\sas_judo\\tests\\Unit\\AlbumTest.php\" tests=\"1\" assertions=\"1\" failures=\"0\" errors=\"0\" time=\"0.007001\">","        <testcase name=\"testExample\" class=\"Tests\\Unit\\AlbumTest\" file=\"C:\\DevPHP\\Web\\sas_judo\\tests\\Unit\\AlbumTest.php\" line=\"16\" assertions=\"1\" time=\"0.007001\"/>","      </testsuite>","      <testsuite name=\"Tests\\Unit\\ArticleTest\" file=\"C:\\DevPHP\\Web\\sas_judo\\tests\\Unit\\ArticleTest.php\" tests=\"1\" assertions=\"1\" failures=\"0\" errors=\"0\" time=\"0.007000\">","        <testcase name=\"testExample\" class=\"Tests\\Unit\\ArticleTest\" file=\"C:\\DevPHP\\Web\\sas_judo\\tests\\Unit\\ArticleTest.php\" line=\"16\" assertions=\"1\" time=\"0.007000\"/>","      </testsuite>","      <testsuite name=\"Tests\\Unit\\CategoryTest\" file=\"C:\\DevPHP\\Web\\sas_judo\\tests\\Unit\\CategoryTest.php\" tests=\"1\" assertions=\"1\" failures=\"0\" errors=\"0\" time=\"0.007001\">","        <testcase name=\"testExample\" class=\"Tests\\Unit\\CategoryTest\" file=\"C:\\DevPHP\\Web\\sas_judo\\tests\\Unit\\CategoryTest.php\" line=\"16\" assertions=\"1\" time=\"0.007001\"/>","      </testsuite>","      <testsuite name=\"Tests\\Unit\\CourseTest\" file=\"C:\\DevPHP\\Web\\sas_judo\\tests\\Unit\\CourseTest.php\" tests=\"1\" assertions=\"1\" failures=\"0\" errors=\"0\" time=\"0.007000\">","        <testcase name=\"testExample\" class=\"Tests\\Unit\\CourseTest\" file=\"C:\\DevPHP\\Web\\sas_judo\\tests\\Unit\\CourseTest.php\" line=\"16\" assertions=\"1\" time=\"0.007000\"/>","      </testsuite>","      <testsuite name=\"Tests\\Unit\\ExampleTest\" file=\"C:\\DevPHP\\Web\\sas_judo\\tests\\Unit\\ExampleTest.php\" tests=\"1\" assertions=\"1\" failures=\"0\" errors=\"0\" time=\"0.007001\">","        <testcase name=\"testBasicTest\" class=\"Tests\\Unit\\ExampleTest\" file=\"C:\\DevPHP\\Web\\sas_judo\\tests\\Unit\\ExampleTest.php\" line=\"16\" assertions=\"1\" time=\"0.007001\"/>","      </testsuite>","      <testsuite name=\"Tests\\Unit\\InscriptionTest\" file=\"C:\\DevPHP\\Web\\sas_judo\\tests\\Unit\\InscriptionTest.php\" tests=\"1\" assertions=\"1\" failures=\"0\" errors=\"0\" time=\"0.007000\">","        <testcase name=\"testExample\" class=\"Tests\\Unit\\InscriptionTest\" file=\"C:\\DevPHP\\Web\\sas_judo\\tests\\Unit\\InscriptionTest.php\" line=\"16\" assertions=\"1\" time=\"0.007000\"/>","      </testsuite>","      <testsuite name=\"Tests\\Unit\\JudoeventTest\" file=\"C:\\DevPHP\\Web\\sas_judo\\tests\\Unit\\JudoeventTest.php\" tests=\"1\" assertions=\"1\" failures=\"0\" errors=\"0\" time=\"0.007001\">","        <testcase name=\"testExample\" class=\"Tests\\Unit\\JudoeventTest\" file=\"C:\\DevPHP\\Web\\sas_judo\\tests\\Unit\\JudoeventTest.php\" line=\"16\" assertions=\"1\" time=\"0.007001\"/>","      </testsuite>","      <testsuite name=\"Tests\\Unit\\MemberTest\" file=\"C:\\DevPHP\\Web\\sas_judo\\tests\\Unit\\MemberTest.php\" tests=\"1\" assertions=\"1\" failures=\"0\" errors=\"0\" time=\"0.007000\">","        <testcase name=\"testExample\" class=\"Tests\\Unit\\MemberTest\" file=\"C:\\DevPHP\\Web\\sas_judo\\tests\\Unit\\MemberTest.php\" line=\"16\" assertions=\"1\" time=\"0.007000\"/>","      </testsuite>","      <testsuite name=\"Tests\\Unit\\PictureTest\" file=\"C:\\DevPHP\\Web\\sas_judo\\tests\\Unit\\PictureTest.php\" tests=\"1\" assertions=\"1\" failures=\"0\" errors=\"0\" time=\"0.008000\">","        <testcase name=\"testExample\" class=\"Tests\\Unit\\PictureTest\" file=\"C:\\DevPHP\\Web\\sas_judo\\tests\\Unit\\PictureTest.php\" line=\"16\" assertions=\"1\" time=\"0.008000\"/>","      </testsuite>","      <testsuite name=\"Tests\\Unit\\ResultTest\" file=\"C:\\DevPHP\\Web\\sas_judo\\tests\\Unit\\ResultTest.php\" tests=\"1\" assertions=\"1\" failures=\"0\" errors=\"0\" time=\"0.008000\">","        <testcase name=\"testExample\" class=\"Tests\\Unit\\ResultTest\" file=\"C:\\DevPHP\\Web\\sas_judo\\tests\\Unit\\ResultTest.php\" line=\"16\" assertions=\"1\" time=\"0.008000\"/>","      </testsuite>","      <testsuite name=\"Tests\\Unit\\SeasonTest\" file=\"C:\\DevPHP\\Web\\sas_judo\\tests\\Unit\\SeasonTest.php\" tests=\"1\" assertions=\"1\" failures=\"0\" errors=\"0\" time=\"0.006000\">","        <testcase name=\"testExample\" class=\"Tests\\Unit\\SeasonTest\" file=\"C:\\DevPHP\\Web\\sas_judo\\tests\\Unit\\SeasonTest.php\" line=\"16\" assertions=\"1\" time=\"0.006000\"/>","      </testsuite>","      <testsuite name=\"Tests\\Unit\\UserTest\" file=\"C:\\DevPHP\\Web\\sas_judo\\tests\\Unit\\UserTest.php\" tests=\"3\" assertions=\"3\" failures=\"0\" errors=\"0\" time=\"0.273016\">","        <testcase name=\"testBasicUser\" class=\"Tests\\Unit\\UserTest\" file=\"C:\\DevPHP\\Web\\sas_judo\\tests\\Unit\\UserTest.php\" line=\"20\" assertions=\"1\" time=\"0.092006\"/>","        <testcase name=\"testAdminUser\" class=\"Tests\\Unit\\UserTest\" file=\"C:\\DevPHP\\Web\\sas_judo\\tests\\Unit\\UserTest.php\" line=\"29\" assertions=\"1\" time=\"0.091005\"/>","        <testcase name=\"testDebugUser\" class=\"Tests\\Unit\\UserTest\" file=\"C:\\DevPHP\\Web\\sas_judo\\tests\\Unit\\UserTest.php\" line=\"36\" assertions=\"1\" time=\"0.090005\"/>","      </testsuite>","    </testsuite>","  </testsuite>","</testsuites>",""],"id":2}],[{"start":{"row":0,"column":0},"end":{"row":115,"column":0},"action":"insert","lines":["<?xml version=\"1.0\" encoding=\"UTF-8\"?>","<testsuites>","  <testsuite name=\"\" tests=\"46\" assertions=\"92\" failures=\"0\" errors=\"1\" time=\"7.894037\">","    <testsuite name=\"Feature Tests\" tests=\"31\" assertions=\"77\" failures=\"0\" errors=\"1\" time=\"7.477823\">","      <testsuite name=\"Tests\\Feature\\AgeCategoryTest\" file=\"/var/www/html/tests/Feature/Admin/AgeCategoryTest.php\" tests=\"6\" assertions=\"19\" failures=\"0\" errors=\"0\" time=\"1.490401\">","        <testcase name=\"testIndexStatus\" class=\"Tests\\Feature\\AgeCategoryTest\" file=\"/var/www/html/tests/Feature/Admin/AgeCategoryTest.php\" line=\"40\" assertions=\"2\" time=\"0.303657\"/>","        <testcase name=\"testStoreStatus\" class=\"Tests\\Feature\\AgeCategoryTest\" file=\"/var/www/html/tests/Feature/Admin/AgeCategoryTest.php\" line=\"50\" assertions=\"6\" time=\"0.332746\"/>","        <testcase name=\"testEditStatus\" class=\"Tests\\Feature\\AgeCategoryTest\" file=\"/var/www/html/tests/Feature/Admin/AgeCategoryTest.php\" line=\"73\" assertions=\"3\" time=\"0.224383\"/>","        <testcase name=\"testUpdateStatus\" class=\"Tests\\Feature\\AgeCategoryTest\" file=\"/var/www/html/tests/Feature/Admin/AgeCategoryTest.php\" line=\"102\" assertions=\"3\" time=\"0.207141\"/>","        <testcase name=\"testDestroyStatus\" class=\"Tests\\Feature\\AgeCategoryTest\" file=\"/var/www/html/tests/Feature/Admin/AgeCategoryTest.php\" line=\"127\" assertions=\"3\" time=\"0.201781\"/>","        <testcase name=\"testWrongCreateStatus\" class=\"Tests\\Feature\\AgeCategoryTest\" file=\"/var/www/html/tests/Feature/Admin/AgeCategoryTest.php\" line=\"149\" assertions=\"2\" time=\"0.220693\"/>","      </testsuite>","      <testsuite name=\"Tests\\Feature\\MemberTest\" file=\"/var/www/html/tests/Feature/Admin/MemberTest.php\" tests=\"3\" assertions=\"5\" failures=\"0\" errors=\"1\" time=\"0.670222\">","        <testcase name=\"testIndexAction\" class=\"Tests\\Feature\\MemberTest\" file=\"/var/www/html/tests/Feature/Admin/MemberTest.php\" line=\"24\" assertions=\"2\" time=\"0.198749\"/>","        <testcase name=\"testSaveAction\" class=\"Tests\\Feature\\MemberTest\" file=\"/var/www/html/tests/Feature/Admin/MemberTest.php\" line=\"31\" assertions=\"2\" time=\"0.253909\"/>","        <testcase name=\"testLoadAction\" class=\"Tests\\Feature\\MemberTest\" file=\"/var/www/html/tests/Feature/Admin/MemberTest.php\" line=\"60\" assertions=\"1\" time=\"0.217564\">","          <error type=\"Illuminate\\Database\\QueryException\">Tests\\Feature\\MemberTest::testLoadAction","Illuminate\\Database\\QueryException: SQLSTATE[42S22]: Column not found: 1054 Unknown column 'complementary_insurance' in 'field list' (SQL: insert into `members` (`lastname`, `firstname`, `sexe`, `birthday`, `address`, `postal_code`, `city`, `phone`, `red_list`, `mobile`, `email`, `complementary_insurance`, `minor_go_alone`, `major_take_off`, `season_id`, `updated_at`, `created_at`) values (Alexandre, Fahey, Masculin, 1936-12-11 14:48:41, 21929 Harber Glens Apt. 067, 49116-0144, Port Maxine, +1.559.235.3249, 1, 1-984-791-3620 x347, kole81@example.com, 1, 0, 1, 9, 2017-09-23 07:55:21, 2017-09-23 07:55:21))","","/var/www/html/vendor/laravel/framework/src/Illuminate/Database/Connection.php:647","/var/www/html/vendor/laravel/framework/src/Illuminate/Database/Connection.php:607","/var/www/html/vendor/laravel/framework/src/Illuminate/Database/Connection.php:450","/var/www/html/vendor/laravel/framework/src/Illuminate/Database/Connection.php:404","/var/www/html/vendor/laravel/framework/src/Illuminate/Database/Query/Processors/Processor.php:32","/var/www/html/vendor/laravel/framework/src/Illuminate/Database/Query/Builder.php:2133","/var/www/html/vendor/laravel/framework/src/Illuminate/Database/Eloquent/Builder.php:1251","/var/www/html/vendor/laravel/framework/src/Illuminate/Database/Eloquent/Model.php:688","/var/www/html/vendor/laravel/framework/src/Illuminate/Database/Eloquent/Model.php:653","/var/www/html/vendor/laravel/framework/src/Illuminate/Database/Eloquent/Model.php:522","/var/www/html/vendor/laravel/framework/src/Illuminate/Database/Eloquent/FactoryBuilder.php:150","/var/www/html/vendor/laravel/framework/src/Illuminate/Support/Collection.php:287","/var/www/html/vendor/laravel/framework/src/Illuminate/Database/Eloquent/FactoryBuilder.php:151","/var/www/html/vendor/laravel/framework/src/Illuminate/Database/Eloquent/FactoryBuilder.php:131","/var/www/html/tests/Feature/Admin/MemberTest.php:63","</error>","        </testcase>","      </testsuite>","      <testsuite name=\"Tests\\Feature\\PictureTest\" file=\"/var/www/html/tests/Feature/Admin/PictureTest.php\" tests=\"2\" assertions=\"4\" failures=\"0\" errors=\"0\" time=\"0.697674\">","        <testcase name=\"testStoreAction\" class=\"Tests\\Feature\\PictureTest\" file=\"/var/www/html/tests/Feature/Admin/PictureTest.php\" line=\"28\" assertions=\"2\" time=\"0.452825\"/>","        <testcase name=\"testShowAction\" class=\"Tests\\Feature\\PictureTest\" file=\"/var/www/html/tests/Feature/Admin/PictureTest.php\" line=\"43\" assertions=\"2\" time=\"0.244849\"/>","      </testsuite>","      <testsuite name=\"Tests\\Feature\\ResultTest\" file=\"/var/www/html/tests/Feature/Admin/ResultTest.php\" tests=\"6\" assertions=\"15\" failures=\"0\" errors=\"0\" time=\"1.494503\">","        <testcase name=\"testIndexAction\" class=\"Tests\\Feature\\ResultTest\" file=\"/var/www/html/tests/Feature/Admin/ResultTest.php\" line=\"27\" assertions=\"2\" time=\"0.274288\"/>","        <testcase name=\"testCreateAction\" class=\"Tests\\Feature\\ResultTest\" file=\"/var/www/html/tests/Feature/Admin/ResultTest.php\" line=\"34\" assertions=\"2\" time=\"0.206282\"/>","        <testcase name=\"testStoreAction\" class=\"Tests\\Feature\\ResultTest\" file=\"/var/www/html/tests/Feature/Admin/ResultTest.php\" line=\"41\" assertions=\"3\" time=\"0.242159\"/>","        <testcase name=\"testEditAction\" class=\"Tests\\Feature\\ResultTest\" file=\"/var/www/html/tests/Feature/Admin/ResultTest.php\" line=\"67\" assertions=\"2\" time=\"0.237597\"/>","        <testcase name=\"testUpdateAction\" class=\"Tests\\Feature\\ResultTest\" file=\"/var/www/html/tests/Feature/Admin/ResultTest.php\" line=\"80\" assertions=\"3\" time=\"0.278767\"/>","        <testcase name=\"testDestroyAction\" class=\"Tests\\Feature\\ResultTest\" file=\"/var/www/html/tests/Feature/Admin/ResultTest.php\" line=\"107\" assertions=\"3\" time=\"0.255410\"/>","      </testsuite>","      <testsuite name=\"Tests\\Feature\\SeasonTest\" file=\"/var/www/html/tests/Feature/Admin/SeasonTest.php\" tests=\"6\" assertions=\"14\" failures=\"0\" errors=\"0\" time=\"1.285424\">","        <testcase name=\"testIndexStatus\" class=\"Tests\\Feature\\SeasonTest\" file=\"/var/www/html/tests/Feature/Admin/SeasonTest.php\" line=\"27\" assertions=\"2\" time=\"0.193355\"/>","        <testcase name=\"testStoreAction\" class=\"Tests\\Feature\\SeasonTest\" file=\"/var/www/html/tests/Feature/Admin/SeasonTest.php\" line=\"34\" assertions=\"2\" time=\"0.228840\"/>","        <testcase name=\"testEditAction\" class=\"Tests\\Feature\\SeasonTest\" file=\"/var/www/html/tests/Feature/Admin/SeasonTest.php\" line=\"51\" assertions=\"2\" time=\"0.204829\"/>","        <testcase name=\"testUpdateAction\" class=\"Tests\\Feature\\SeasonTest\" file=\"/var/www/html/tests/Feature/Admin/SeasonTest.php\" line=\"64\" assertions=\"3\" time=\"0.205849\"/>","        <testcase name=\"testDestroyAction\" class=\"Tests\\Feature\\SeasonTest\" file=\"/var/www/html/tests/Feature/Admin/SeasonTest.php\" line=\"93\" assertions=\"3\" time=\"0.236876\"/>","        <testcase name=\"testGetListAction\" class=\"Tests\\Feature\\SeasonTest\" file=\"/var/www/html/tests/Feature/Admin/SeasonTest.php\" line=\"109\" assertions=\"2\" time=\"0.215675\"/>","      </testsuite>","      <testsuite name=\"Tests\\Feature\\UserTest\" file=\"/var/www/html/tests/Feature/Admin/UserTest.php\" tests=\"7\" assertions=\"19\" failures=\"0\" errors=\"0\" time=\"1.640058\">","        <testcase name=\"testIndexStatus\" class=\"Tests\\Feature\\UserTest\" file=\"/var/www/html/tests/Feature/Admin/UserTest.php\" line=\"30\" assertions=\"2\" time=\"0.226999\"/>","        <testcase name=\"testChangeIsAdmin\" class=\"Tests\\Feature\\UserTest\" file=\"/var/www/html/tests/Feature/Admin/UserTest.php\" line=\"37\" assertions=\"3\" time=\"0.265158\"/>","        <testcase name=\"testChangeIsTeacher\" class=\"Tests\\Feature\\UserTest\" file=\"/var/www/html/tests/Feature/Admin/UserTest.php\" line=\"53\" assertions=\"3\" time=\"0.225459\"/>","        <testcase name=\"testChangeIsDebug\" class=\"Tests\\Feature\\UserTest\" file=\"/var/www/html/tests/Feature/Admin/UserTest.php\" line=\"69\" assertions=\"3\" time=\"0.202478\"/>","        <testcase name=\"testEditStatus\" class=\"Tests\\Feature\\UserTest\" file=\"/var/www/html/tests/Feature/Admin/UserTest.php\" line=\"85\" assertions=\"2\" time=\"0.274150\"/>","        <testcase name=\"testUpdateDB\" class=\"Tests\\Feature\\UserTest\" file=\"/var/www/html/tests/Feature/Admin/UserTest.php\" line=\"97\" assertions=\"3\" time=\"0.203307\"/>","        <testcase name=\"testDestroyStatus\" class=\"Tests\\Feature\\UserTest\" file=\"/var/www/html/tests/Feature/Admin/UserTest.php\" line=\"125\" assertions=\"3\" time=\"0.242507\"/>","      </testsuite>","      <testsuite name=\"Tests\\Feature\\ExampleTest\" file=\"/var/www/html/tests/Feature/ExampleTest.php\" tests=\"1\" assertions=\"1\" failures=\"0\" errors=\"0\" time=\"0.199542\">","        <testcase name=\"testBasicTest\" class=\"Tests\\Feature\\ExampleTest\" file=\"/var/www/html/tests/Feature/ExampleTest.php\" line=\"17\" assertions=\"1\" time=\"0.199542\"/>","      </testsuite>","    </testsuite>","    <testsuite name=\"Unit Tests\" tests=\"15\" assertions=\"15\" failures=\"0\" errors=\"0\" time=\"0.416214\">","      <testsuite name=\"Tests\\Unit\\AgeCategoryTest\" file=\"/var/www/html/tests/Unit/AgeCategoryTest.php\" tests=\"1\" assertions=\"1\" failures=\"0\" errors=\"0\" time=\"0.010963\">","        <testcase name=\"testExample\" class=\"Tests\\Unit\\AgeCategoryTest\" file=\"/var/www/html/tests/Unit/AgeCategoryTest.php\" line=\"16\" assertions=\"1\" time=\"0.010963\"/>","      </testsuite>","      <testsuite name=\"Tests\\Unit\\AlbumTest\" file=\"/var/www/html/tests/Unit/AlbumTest.php\" tests=\"1\" assertions=\"1\" failures=\"0\" errors=\"0\" time=\"0.009549\">","        <testcase name=\"testExample\" class=\"Tests\\Unit\\AlbumTest\" file=\"/var/www/html/tests/Unit/AlbumTest.php\" line=\"16\" assertions=\"1\" time=\"0.009549\"/>","      </testsuite>","      <testsuite name=\"Tests\\Unit\\ArticleTest\" file=\"/var/www/html/tests/Unit/ArticleTest.php\" tests=\"1\" assertions=\"1\" failures=\"0\" errors=\"0\" time=\"0.009771\">","        <testcase name=\"testExample\" class=\"Tests\\Unit\\ArticleTest\" file=\"/var/www/html/tests/Unit/ArticleTest.php\" line=\"16\" assertions=\"1\" time=\"0.009771\"/>","      </testsuite>","      <testsuite name=\"Tests\\Unit\\CategoryTest\" file=\"/var/www/html/tests/Unit/CategoryTest.php\" tests=\"1\" assertions=\"1\" failures=\"0\" errors=\"0\" time=\"0.009130\">","        <testcase name=\"testExample\" class=\"Tests\\Unit\\CategoryTest\" file=\"/var/www/html/tests/Unit/CategoryTest.php\" line=\"16\" assertions=\"1\" time=\"0.009130\"/>","      </testsuite>","      <testsuite name=\"Tests\\Unit\\CourseTest\" file=\"/var/www/html/tests/Unit/CourseTest.php\" tests=\"1\" assertions=\"1\" failures=\"0\" errors=\"0\" time=\"0.008203\">","        <testcase name=\"testExample\" class=\"Tests\\Unit\\CourseTest\" file=\"/var/www/html/tests/Unit/CourseTest.php\" line=\"16\" assertions=\"1\" time=\"0.008203\"/>","      </testsuite>","      <testsuite name=\"Tests\\Unit\\ExampleTest\" file=\"/var/www/html/tests/Unit/ExampleTest.php\" tests=\"1\" assertions=\"1\" failures=\"0\" errors=\"0\" time=\"0.011431\">","        <testcase name=\"testBasicTest\" class=\"Tests\\Unit\\ExampleTest\" file=\"/var/www/html/tests/Unit/ExampleTest.php\" line=\"16\" assertions=\"1\" time=\"0.011431\"/>","      </testsuite>","      <testsuite name=\"Tests\\Unit\\InscriptionTest\" file=\"/var/www/html/tests/Unit/InscriptionTest.php\" tests=\"1\" assertions=\"1\" failures=\"0\" errors=\"0\" time=\"0.007712\">","        <testcase name=\"testExample\" class=\"Tests\\Unit\\InscriptionTest\" file=\"/var/www/html/tests/Unit/InscriptionTest.php\" line=\"16\" assertions=\"1\" time=\"0.007712\"/>","      </testsuite>","      <testsuite name=\"Tests\\Unit\\JudoeventTest\" file=\"/var/www/html/tests/Unit/JudoeventTest.php\" tests=\"1\" assertions=\"1\" failures=\"0\" errors=\"0\" time=\"0.007423\">","        <testcase name=\"testExample\" class=\"Tests\\Unit\\JudoeventTest\" file=\"/var/www/html/tests/Unit/JudoeventTest.php\" line=\"16\" assertions=\"1\" time=\"0.007423\"/>","      </testsuite>","      <testsuite name=\"Tests\\Unit\\MemberTest\" file=\"/var/www/html/tests/Unit/MemberTest.php\" tests=\"1\" assertions=\"1\" failures=\"0\" errors=\"0\" time=\"0.007312\">","        <testcase name=\"testExample\" class=\"Tests\\Unit\\MemberTest\" file=\"/var/www/html/tests/Unit/MemberTest.php\" line=\"16\" assertions=\"1\" time=\"0.007312\"/>","      </testsuite>","      <testsuite name=\"Tests\\Unit\\PictureTest\" file=\"/var/www/html/tests/Unit/PictureTest.php\" tests=\"1\" assertions=\"1\" failures=\"0\" errors=\"0\" time=\"0.006729\">","        <testcase name=\"testExample\" class=\"Tests\\Unit\\PictureTest\" file=\"/var/www/html/tests/Unit/PictureTest.php\" line=\"16\" assertions=\"1\" time=\"0.006729\"/>","      </testsuite>","      <testsuite name=\"Tests\\Unit\\ResultTest\" file=\"/var/www/html/tests/Unit/ResultTest.php\" tests=\"1\" assertions=\"1\" failures=\"0\" errors=\"0\" time=\"0.006660\">","        <testcase name=\"testExample\" class=\"Tests\\Unit\\ResultTest\" file=\"/var/www/html/tests/Unit/ResultTest.php\" line=\"16\" assertions=\"1\" time=\"0.006660\"/>","      </testsuite>","      <testsuite name=\"Tests\\Unit\\SeasonTest\" file=\"/var/www/html/tests/Unit/SeasonTest.php\" tests=\"1\" assertions=\"1\" failures=\"0\" errors=\"0\" time=\"0.006340\">","        <testcase name=\"testExample\" class=\"Tests\\Unit\\SeasonTest\" file=\"/var/www/html/tests/Unit/SeasonTest.php\" line=\"16\" assertions=\"1\" time=\"0.006340\"/>","      </testsuite>","      <testsuite name=\"Tests\\Unit\\UserTest\" file=\"/var/www/html/tests/Unit/UserTest.php\" tests=\"3\" assertions=\"3\" failures=\"0\" errors=\"0\" time=\"0.314991\">","        <testcase name=\"testBasicUser\" class=\"Tests\\Unit\\UserTest\" file=\"/var/www/html/tests/Unit/UserTest.php\" line=\"20\" assertions=\"1\" time=\"0.117637\"/>","        <testcase name=\"testAdminUser\" class=\"Tests\\Unit\\UserTest\" file=\"/var/www/html/tests/Unit/UserTest.php\" line=\"29\" assertions=\"1\" time=\"0.098664\"/>","        <testcase name=\"testDebugUser\" class=\"Tests\\Unit\\UserTest\" file=\"/var/www/html/tests/Unit/UserTest.php\" line=\"36\" assertions=\"1\" time=\"0.098690\"/>","      </testsuite>","    </testsuite>","  </testsuite>","</testsuites>",""],"id":3}]]},"ace":{"folds":[],"scrolltop":0,"scrollleft":0,"selection":{"start":{"row":115,"column":0},"end":{"row":115,"column":0},"isBackwards":false},"options":{"guessTabSize":true,"useWrapMode":false,"wrapToView":true},"firstLineState":0},"timestamp":1506153657099}